[38;5;6mkafka [38;5;5m08:50:42.85 [0m[38;5;2mINFO [0m ==> 
[38;5;6mkafka [38;5;5m08:50:42.85 [0m[38;5;2mINFO [0m ==> [1mWelcome to the Bitnami kafka container[0m
[38;5;6mkafka [38;5;5m08:50:42.86 [0m[38;5;2mINFO [0m ==> Subscribe to project updates by watching [1mhttps://github.com/bitnami/containers[0m
[38;5;6mkafka [38;5;5m08:50:42.86 [0m[38;5;2mINFO [0m ==> Submit issues and feature requests at [1mhttps://github.com/bitnami/containers/issues[0m
[38;5;6mkafka [38;5;5m08:50:42.86 [0m[38;5;2mINFO [0m ==> 
[38;5;6mkafka [38;5;5m08:50:42.86 [0m[38;5;2mINFO [0m ==> ** Starting Kafka setup **
[38;5;6mkafka [38;5;5m08:50:42.96 [0m[38;5;2mINFO [0m ==> Creating users in Zookeeper

[38;5;6mkafka [38;5;5m08:50:45.19 [0m[38;5;2mINFO [0m ==> ** Kafka setup finished! **
[38;5;6mkafka [38;5;5m08:50:45.20 [0m[38;5;2mINFO [0m ==> ** Starting Kafka **
[2024-09-12 08:50:46,089] INFO Registered kafka:type=kafka.Log4jController MBean (kafka.utils.Log4jControllerRegistration$)
[2024-09-12 08:50:46,355] INFO Setting -D jdk.tls.rejectClientInitiatedRenegotiation=true to disable client-initiated TLS renegotiation (org.apache.zookeeper.common.X509Util)
[2024-09-12 08:50:46,430] INFO Registered signal handlers for TERM, INT, HUP (org.apache.kafka.common.utils.LoggingSignalHandler)
[2024-09-12 08:50:46,432] INFO starting (kafka.server.KafkaServer)
[2024-09-12 08:50:46,433] INFO Connecting to zookeeper on kafka-zookeeper:2181 (kafka.server.KafkaServer)
[2024-09-12 08:50:46,450] INFO [ZooKeeperClient Kafka server] Initializing a new session to kafka-zookeeper:2181. (kafka.zookeeper.ZooKeeperClient)
[2024-09-12 08:50:46,455] INFO Client environment:zookeeper.version=3.8.2-139d619b58292d7734b4fc83a0f44be4e7b0c986, built on 2023-07-05 19:24 UTC (org.apache.zookeeper.ZooKeeper)
[2024-09-12 08:50:46,455] INFO Client environment:host.name=kafka-broker-0.kafka-broker-headless.platform-nuxeo-helm-chart-master-25-third-party-auth.svc.cluster.local (org.apache.zookeeper.ZooKeeper)
[2024-09-12 08:50:46,455] INFO Client environment:java.version=17.0.9 (org.apache.zookeeper.ZooKeeper)
[2024-09-12 08:50:46,455] INFO Client environment:java.vendor=BellSoft (org.apache.zookeeper.ZooKeeper)
[2024-09-12 08:50:46,455] INFO Client environment:java.home=/opt/bitnami/java (org.apache.zookeeper.ZooKeeper)
[2024-09-12 08:50:46,455] INFO Client environment:java.class.path=/opt/bitnami/kafka/bin/../libs/activation-1.1.1.jar:/opt/bitnami/kafka/bin/../libs/aopalliance-repackaged-2.6.1.jar:/opt/bitnami/kafka/bin/../libs/argparse4j-0.7.0.jar:/opt/bitnami/kafka/bin/../libs/audience-annotations-0.12.0.jar:/opt/bitnami/kafka/bin/../libs/caffeine-2.9.3.jar:/opt/bitnami/kafka/bin/../libs/checker-qual-3.19.0.jar:/opt/bitnami/kafka/bin/../libs/commons-beanutils-1.9.4.jar:/opt/bitnami/kafka/bin/../libs/commons-cli-1.4.jar:/opt/bitnami/kafka/bin/../libs/commons-collections-3.2.2.jar:/opt/bitnami/kafka/bin/../libs/commons-digester-2.1.jar:/opt/bitnami/kafka/bin/../libs/commons-io-2.11.0.jar:/opt/bitnami/kafka/bin/../libs/commons-lang3-3.8.1.jar:/opt/bitnami/kafka/bin/../libs/commons-logging-1.2.jar:/opt/bitnami/kafka/bin/../libs/commons-validator-1.7.jar:/opt/bitnami/kafka/bin/../libs/connect-api-3.6.0.jar:/opt/bitnami/kafka/bin/../libs/connect-basic-auth-extension-3.6.0.jar:/opt/bitnami/kafka/bin/../libs/connect-json-3.6.0.jar:/opt/bitnami/kafka/bin/../libs/connect-mirror-3.6.0.jar:/opt/bitnami/kafka/bin/../libs/connect-mirror-client-3.6.0.jar:/opt/bitnami/kafka/bin/../libs/connect-runtime-3.6.0.jar:/opt/bitnami/kafka/bin/../libs/connect-transforms-3.6.0.jar:/opt/bitnami/kafka/bin/../libs/error_prone_annotations-2.10.0.jar:/opt/bitnami/kafka/bin/../libs/hk2-api-2.6.1.jar:/opt/bitnami/kafka/bin/../libs/hk2-locator-2.6.1.jar:/opt/bitnami/kafka/bin/../libs/hk2-utils-2.6.1.jar:/opt/bitnami/kafka/bin/../libs/jackson-annotations-2.13.5.jar:/opt/bitnami/kafka/bin/../libs/jackson-core-2.13.5.jar:/opt/bitnami/kafka/bin/../libs/jackson-databind-2.13.5.jar:/opt/bitnami/kafka/bin/../libs/jackson-dataformat-csv-2.13.5.jar:/opt/bitnami/kafka/bin/../libs/jackson-datatype-jdk8-2.13.5.jar:/opt/bitnami/kafka/bin/../libs/jackson-jaxrs-base-2.13.5.jar:/opt/bitnami/kafka/bin/../libs/jackson-jaxrs-json-provider-2.13.5.jar:/opt/bitnami/kafka/bin/../libs/jackson-module-jaxb-annotations-2.13.5.jar:/opt/bitnami/kafka/bin/../libs/jackson-module-scala_2.12-2.13.5.jar:/opt/bitnami/kafka/bin/../libs/jakarta.activation-api-1.2.2.jar:/opt/bitnami/kafka/bin/../libs/jakarta.annotation-api-1.3.5.jar:/opt/bitnami/kafka/bin/../libs/jakarta.inject-2.6.1.jar:/opt/bitnami/kafka/bin/../libs/jakarta.validation-api-2.0.2.jar:/opt/bitnami/kafka/bin/../libs/jakarta.ws.rs-api-2.1.6.jar:/opt/bitnami/kafka/bin/../libs/jakarta.xml.bind-api-2.3.3.jar:/opt/bitnami/kafka/bin/../libs/javassist-3.29.2-GA.jar:/opt/bitnami/kafka/bin/../libs/javax.activation-api-1.2.0.jar:/opt/bitnami/kafka/bin/../libs/javax.annotation-api-1.3.2.jar:/opt/bitnami/kafka/bin/../libs/javax.servlet-api-3.1.0.jar:/opt/bitnami/kafka/bin/../libs/javax.ws.rs-api-2.1.1.jar:/opt/bitnami/kafka/bin/../libs/jaxb-api-2.3.1.jar:/opt/bitnami/kafka/bin/../libs/jersey-client-2.39.1.jar:/opt/bitnami/kafka/bin/../libs/jersey-common-2.39.1.jar:/opt/bitnami/kafka/bin/../libs/jersey-container-servlet-2.39.1.jar:/opt/bitnami/kafka/bin/../libs/jersey-container-servlet-core-2.39.1.jar:/opt/bitnami/kafka/bin/../libs/jersey-hk2-2.39.1.jar:/opt/bitnami/kafka/bin/../libs/jersey-server-2.39.1.jar:/opt/bitnami/kafka/bin/../libs/jetty-client-9.4.52.v20230823.jar:/opt/bitnami/kafka/bin/../libs/jetty-continuation-9.4.52.v20230823.jar:/opt/bitnami/kafka/bin/../libs/jetty-http-9.4.52.v20230823.jar:/opt/bitnami/kafka/bin/../libs/jetty-io-9.4.52.v20230823.jar:/opt/bitnami/kafka/bin/../libs/jetty-security-9.4.52.v20230823.jar:/opt/bitnami/kafka/bin/../libs/jetty-server-9.4.52.v20230823.jar:/opt/bitnami/kafka/bin/../libs/jetty-servlet-9.4.52.v20230823.jar:/opt/bitnami/kafka/bin/../libs/jetty-servlets-9.4.52.v20230823.jar:/opt/bitnami/kafka/bin/../libs/jetty-util-9.4.52.v20230823.jar:/opt/bitnami/kafka/bin/../libs/jetty-util-ajax-9.4.52.v20230823.jar:/opt/bitnami/kafka/bin/../libs/jline-3.22.0.jar:/opt/bitnami/kafka/bin/../libs/jopt-simple-5.0.4.jar:/opt/bitnami/kafka/bin/../libs/jose4j-0.9.3.jar:/opt/bitnami/kafka/bin/../libs/jsr305-3.0.2.jar:/opt/bitnami/kafka/bin/../libs/kafka-clients-3.6.0.jar:/opt/bitnami/kafka/bin/../libs/kafka-group-coordinator-3.6.0.jar:/opt/bitnami/kafka/bin/../libs/kafka-log4j-appender-3.6.0.jar:/opt/bitnami/kafka/bin/../libs/kafka-metadata-3.6.0.jar:/opt/bitnami/kafka/bin/../libs/kafka-raft-3.6.0.jar:/opt/bitnami/kafka/bin/../libs/kafka-server-common-3.6.0.jar:/opt/bitnami/kafka/bin/../libs/kafka-shell-3.6.0.jar:/opt/bitnami/kafka/bin/../libs/kafka-storage-3.6.0.jar:/opt/bitnami/kafka/bin/../libs/kafka-storage-api-3.6.0.jar:/opt/bitnami/kafka/bin/../libs/kafka-streams-3.6.0.jar:/opt/bitnami/kafka/bin/../libs/kafka-streams-examples-3.6.0.jar:/opt/bitnami/kafka/bin/../libs/kafka-streams-scala_2.12-3.6.0.jar:/opt/bitnami/kafka/bin/../libs/kafka-streams-test-utils-3.6.0.jar:/opt/bitnami/kafka/bin/../libs/kafka-tools-3.6.0.jar:/opt/bitnami/kafka/bin/../libs/kafka-tools-api-3.6.0.jar:/opt/bitnami/kafka/bin/../libs/kafka_2.12-3.6.0.jar:/opt/bitnami/kafka/bin/../libs/lz4-java-1.8.0.jar:/opt/bitnami/kafka/bin/../libs/maven-artifact-3.8.8.jar:/opt/bitnami/kafka/bin/../libs/metrics-core-2.2.0.jar:/opt/bitnami/kafka/bin/../libs/metrics-core-4.1.12.1.jar:/opt/bitnami/kafka/bin/../libs/netty-buffer-4.1.94.Final.jar:/opt/bitnami/kafka/bin/../libs/netty-codec-4.1.94.Final.jar:/opt/bitnami/kafka/bin/../libs/netty-common-4.1.94.Final.jar:/opt/bitnami/kafka/bin/../libs/netty-handler-4.1.94.Final.jar:/opt/bitnami/kafka/bin/../libs/netty-resolver-4.1.94.Final.jar:/opt/bitnami/kafka/bin/../libs/netty-transport-4.1.94.Final.jar:/opt/bitnami/kafka/bin/../libs/netty-transport-classes-epoll-4.1.94.Final.jar:/opt/bitnami/kafka/bin/../libs/netty-transport-native-epoll-4.1.94.Final.jar:/opt/bitnami/kafka/bin/../libs/netty-transport-native-unix-common-4.1.94.Final.jar:/opt/bitnami/kafka/bin/../libs/osgi-resource-locator-1.0.3.jar:/opt/bitnami/kafka/bin/../libs/paranamer-2.8.jar:/opt/bitnami/kafka/bin/../libs/pcollections-4.0.1.jar:/opt/bitnami/kafka/bin/../libs/plexus-utils-3.3.1.jar:/opt/bitnami/kafka/bin/../libs/reflections-0.10.2.jar:/opt/bitnami/kafka/bin/../libs/reload4j-1.2.25.jar:/opt/bitnami/kafka/bin/../libs/rocksdbjni-7.9.2.jar:/opt/bitnami/kafka/bin/../libs/scala-collection-compat_2.12-2.10.0.jar:/opt/bitnami/kafka/bin/../libs/scala-java8-compat_2.12-1.0.2.jar:/opt/bitnami/kafka/bin/../libs/scala-library-2.12.18.jar:/opt/bitnami/kafka/bin/../libs/scala-logging_2.12-3.9.4.jar:/opt/bitnami/kafka/bin/../libs/scala-reflect-2.12.18.jar:/opt/bitnami/kafka/bin/../libs/slf4j-api-1.7.36.jar:/opt/bitnami/kafka/bin/../libs/slf4j-reload4j-1.7.36.jar:/opt/bitnami/kafka/bin/../libs/snappy-java-1.1.10.4.jar:/opt/bitnami/kafka/bin/../libs/swagger-annotations-2.2.8.jar:/opt/bitnami/kafka/bin/../libs/trogdor-3.6.0.jar:/opt/bitnami/kafka/bin/../libs/zookeeper-3.8.2.jar:/opt/bitnami/kafka/bin/../libs/zookeeper-jute-3.8.2.jar:/opt/bitnami/kafka/bin/../libs/zstd-jni-1.5.5-1.jar (org.apache.zookeeper.ZooKeeper)
[2024-09-12 08:50:46,455] INFO Client environment:java.library.path=/usr/java/packages/lib:/usr/lib64:/lib64:/lib:/usr/lib (org.apache.zookeeper.ZooKeeper)
[2024-09-12 08:50:46,455] INFO Client environment:java.io.tmpdir=/tmp (org.apache.zookeeper.ZooKeeper)
[2024-09-12 08:50:46,455] INFO Client environment:java.compiler=<NA> (org.apache.zookeeper.ZooKeeper)
[2024-09-12 08:50:46,455] INFO Client environment:os.name=Linux (org.apache.zookeeper.ZooKeeper)
[2024-09-12 08:50:46,455] INFO Client environment:os.arch=amd64 (org.apache.zookeeper.ZooKeeper)
[2024-09-12 08:50:46,456] INFO Client environment:os.version=6.1.85+ (org.apache.zookeeper.ZooKeeper)
[2024-09-12 08:50:46,456] INFO Client environment:user.name=? (org.apache.zookeeper.ZooKeeper)
[2024-09-12 08:50:46,456] INFO Client environment:user.home=? (org.apache.zookeeper.ZooKeeper)
[2024-09-12 08:50:46,456] INFO Client environment:user.dir=/ (org.apache.zookeeper.ZooKeeper)
[2024-09-12 08:50:46,456] INFO Client environment:os.memory.free=495MB (org.apache.zookeeper.ZooKeeper)
[2024-09-12 08:50:46,456] INFO Client environment:os.memory.max=512MB (org.apache.zookeeper.ZooKeeper)
[2024-09-12 08:50:46,456] INFO Client environment:os.memory.total=512MB (org.apache.zookeeper.ZooKeeper)
[2024-09-12 08:50:46,458] INFO Initiating client connection, connectString=kafka-zookeeper:2181 sessionTimeout=18000 watcher=kafka.zookeeper.ZooKeeperClient$ZooKeeperClientWatcher$@7a3793c7 (org.apache.zookeeper.ZooKeeper)
[2024-09-12 08:50:46,462] INFO jute.maxbuffer value is 4194304 Bytes (org.apache.zookeeper.ClientCnxnSocket)
[2024-09-12 08:50:46,467] INFO zookeeper.request.timeout value is 0. feature enabled=false (org.apache.zookeeper.ClientCnxn)
[2024-09-12 08:50:46,469] INFO [ZooKeeperClient Kafka server] Waiting until connected. (kafka.zookeeper.ZooKeeperClient)
[2024-09-12 08:50:46,472] INFO Opening socket connection to server kafka-zookeeper/10.63.249.6:2181. (org.apache.zookeeper.ClientCnxn)
[2024-09-12 08:50:46,476] INFO Socket connection established, initiating session, client: /10.60.196.25:46368, server: kafka-zookeeper/10.63.249.6:2181 (org.apache.zookeeper.ClientCnxn)
[2024-09-12 08:50:46,483] INFO Session establishment complete on server kafka-zookeeper/10.63.249.6:2181, session id = 0x1000004f0f50001, negotiated timeout = 18000 (org.apache.zookeeper.ClientCnxn)
[2024-09-12 08:50:46,487] INFO [ZooKeeperClient Kafka server] Connected. (kafka.zookeeper.ZooKeeperClient)
[2024-09-12 08:50:46,743] INFO Cluster ID = XNe4VataQkGpe_bC1xVLIQ (kafka.server.KafkaServer)
[2024-09-12 08:50:46,747] WARN No meta.properties file under dir /bitnami/kafka/data/meta.properties (kafka.server.BrokerMetadataCheckpoint)
[2024-09-12 08:50:46,818] INFO KafkaConfig values: 
	advertised.listeners = CLIENT://kafka-broker-0.kafka-broker-headless.platform-nuxeo-helm-chart-master-25-third-party-auth.svc.cluster.local:9092,INTERNAL://kafka-broker-0.kafka-broker-headless.platform-nuxeo-helm-chart-master-25-third-party-auth.svc.cluster.local:9094
	alter.config.policy.class.name = null
	alter.log.dirs.replication.quota.window.num = 11
	alter.log.dirs.replication.quota.window.size.seconds = 1
	authorizer.class.name = 
	auto.create.topics.enable = true
	auto.include.jmx.reporter = true
	auto.leader.rebalance.enable = true
	background.threads = 10
	broker.heartbeat.interval.ms = 2000
	broker.id = 100
	broker.id.generation.enable = true
	broker.rack = null
	broker.session.timeout.ms = 9000
	client.quota.callback.class = null
	compression.type = producer
	connection.failed.authentication.delay.ms = 100
	connections.max.idle.ms = 600000
	connections.max.reauth.ms = 0
	control.plane.listener.name = null
	controlled.shutdown.enable = true
	controlled.shutdown.max.retries = 3
	controlled.shutdown.retry.backoff.ms = 5000
	controller.listener.names = null
	controller.quorum.append.linger.ms = 25
	controller.quorum.election.backoff.max.ms = 1000
	controller.quorum.election.timeout.ms = 1000
	controller.quorum.fetch.timeout.ms = 2000
	controller.quorum.request.timeout.ms = 2000
	controller.quorum.retry.backoff.ms = 20
	controller.quorum.voters = []
	controller.quota.window.num = 11
	controller.quota.window.size.seconds = 1
	controller.socket.timeout.ms = 30000
	create.topic.policy.class.name = null
	default.replication.factor = 1
	delegation.token.expiry.check.interval.ms = 3600000
	delegation.token.expiry.time.ms = 86400000
	delegation.token.master.key = null
	delegation.token.max.lifetime.ms = 604800000
	delegation.token.secret.key = null
	delete.records.purgatory.purge.interval.requests = 1
	delete.topic.enable = true
	early.start.listeners = null
	fetch.max.bytes = 57671680
	fetch.purgatory.purge.interval.requests = 1000
	group.consumer.assignors = [org.apache.kafka.coordinator.group.assignor.RangeAssignor]
	group.consumer.heartbeat.interval.ms = 5000
	group.consumer.max.heartbeat.interval.ms = 15000
	group.consumer.max.session.timeout.ms = 60000
	group.consumer.max.size = 2147483647
	group.consumer.min.heartbeat.interval.ms = 5000
	group.consumer.min.session.timeout.ms = 45000
	group.consumer.session.timeout.ms = 45000
	group.coordinator.new.enable = false
	group.coordinator.threads = 1
	group.initial.rebalance.delay.ms = 3000
	group.max.session.timeout.ms = 1800000
	group.max.size = 2147483647
	group.min.session.timeout.ms = 6000
	initial.broker.registration.timeout.ms = 60000
	inter.broker.listener.name = INTERNAL
	inter.broker.protocol.version = 3.6-IV2
	kafka.metrics.polling.interval.secs = 10
	kafka.metrics.reporters = []
	leader.imbalance.check.interval.seconds = 300
	leader.imbalance.per.broker.percentage = 10
	listener.security.protocol.map = CLIENT:SASL_PLAINTEXT,INTERNAL:SASL_PLAINTEXT
	listeners = CLIENT://:9092,INTERNAL://:9094
	log.cleaner.backoff.ms = 15000
	log.cleaner.dedupe.buffer.size = 134217728
	log.cleaner.delete.retention.ms = 86400000
	log.cleaner.enable = true
	log.cleaner.io.buffer.load.factor = 0.9
	log.cleaner.io.buffer.size = 524288
	log.cleaner.io.max.bytes.per.second = 1.7976931348623157E308
	log.cleaner.max.compaction.lag.ms = 9223372036854775807
	log.cleaner.min.cleanable.ratio = 0.5
	log.cleaner.min.compaction.lag.ms = 0
	log.cleaner.threads = 1
	log.cleanup.policy = [delete]
	log.dir = /bitnami/kafka/data
	log.dirs = null
	log.flush.interval.messages = 9223372036854775807
	log.flush.interval.ms = null
	log.flush.offset.checkpoint.interval.ms = 60000
	log.flush.scheduler.interval.ms = 9223372036854775807
	log.flush.start.offset.checkpoint.interval.ms = 60000
	log.index.interval.bytes = 4096
	log.index.size.max.bytes = 10485760
	log.local.retention.bytes = -2
	log.local.retention.ms = -2
	log.message.downconversion.enable = true
	log.message.format.version = 3.0-IV1
	log.message.timestamp.after.max.ms = 9223372036854775807
	log.message.timestamp.before.max.ms = 9223372036854775807
	log.message.timestamp.difference.max.ms = 9223372036854775807
	log.message.timestamp.type = CreateTime
	log.preallocate = false
	log.retention.bytes = -1
	log.retention.check.interval.ms = 300000
	log.retention.hours = 168
	log.retention.minutes = null
	log.retention.ms = null
	log.roll.hours = 168
	log.roll.jitter.hours = 0
	log.roll.jitter.ms = null
	log.roll.ms = null
	log.segment.bytes = 1073741824
	log.segment.delete.delay.ms = 60000
	max.connection.creation.rate = 2147483647
	max.connections = 2147483647
	max.connections.per.ip = 2147483647
	max.connections.per.ip.overrides = 
	max.incremental.fetch.session.cache.slots = 1000
	message.max.bytes = 1048588
	metadata.log.dir = null
	metadata.log.max.record.bytes.between.snapshots = 20971520
	metadata.log.max.snapshot.interval.ms = 3600000
	metadata.log.segment.bytes = 1073741824
	metadata.log.segment.min.bytes = 8388608
	metadata.log.segment.ms = 604800000
	metadata.max.idle.interval.ms = 500
	metadata.max.retention.bytes = 104857600
	metadata.max.retention.ms = 604800000
	metric.reporters = []
	metrics.num.samples = 2
	metrics.recording.level = INFO
	metrics.sample.window.ms = 30000
	min.insync.replicas = 1
	node.id = 100
	num.io.threads = 8
	num.network.threads = 3
	num.partitions = 1
	num.recovery.threads.per.data.dir = 1
	num.replica.alter.log.dirs.threads = null
	num.replica.fetchers = 1
	offset.metadata.max.bytes = 4096
	offsets.commit.required.acks = -1
	offsets.commit.timeout.ms = 5000
	offsets.load.buffer.size = 5242880
	offsets.retention.check.interval.ms = 600000
	offsets.retention.minutes = 10080
	offsets.topic.compression.codec = 0
	offsets.topic.num.partitions = 50
	offsets.topic.replication.factor = 3
	offsets.topic.segment.bytes = 104857600
	password.encoder.cipher.algorithm = AES/CBC/PKCS5Padding
	password.encoder.iterations = 4096
	password.encoder.key.length = 128
	password.encoder.keyfactory.algorithm = null
	password.encoder.old.secret = null
	password.encoder.secret = null
	principal.builder.class = class org.apache.kafka.common.security.authenticator.DefaultKafkaPrincipalBuilder
	process.roles = []
	producer.id.expiration.check.interval.ms = 600000
	producer.id.expiration.ms = 86400000
	producer.purgatory.purge.interval.requests = 1000
	queued.max.request.bytes = -1
	queued.max.requests = 500
	quota.window.num = 11
	quota.window.size.seconds = 1
	remote.log.index.file.cache.total.size.bytes = 1073741824
	remote.log.manager.task.interval.ms = 30000
	remote.log.manager.task.retry.backoff.max.ms = 30000
	remote.log.manager.task.retry.backoff.ms = 500
	remote.log.manager.task.retry.jitter = 0.2
	remote.log.manager.thread.pool.size = 10
	remote.log.metadata.custom.metadata.max.bytes = 128
	remote.log.metadata.manager.class.name = org.apache.kafka.server.log.remote.metadata.storage.TopicBasedRemoteLogMetadataManager
	remote.log.metadata.manager.class.path = null
	remote.log.metadata.manager.impl.prefix = rlmm.config.
	remote.log.metadata.manager.listener.name = null
	remote.log.reader.max.pending.tasks = 100
	remote.log.reader.threads = 10
	remote.log.storage.manager.class.name = null
	remote.log.storage.manager.class.path = null
	remote.log.storage.manager.impl.prefix = rsm.config.
	remote.log.storage.system.enable = false
	replica.fetch.backoff.ms = 1000
	replica.fetch.max.bytes = 1048576
	replica.fetch.min.bytes = 1
	replica.fetch.response.max.bytes = 10485760
	replica.fetch.wait.max.ms = 500
	replica.high.watermark.checkpoint.interval.ms = 5000
	replica.lag.time.max.ms = 30000
	replica.selector.class = null
	replica.socket.receive.buffer.bytes = 65536
	replica.socket.timeout.ms = 30000
	replication.quota.window.num = 11
	replication.quota.window.size.seconds = 1
	request.timeout.ms = 30000
	reserved.broker.max.id = 1000
	sasl.client.callback.handler.class = null
	sasl.enabled.mechanisms = [PLAIN, SCRAM-SHA-256, SCRAM-SHA-512]
	sasl.jaas.config = null
	sasl.kerberos.kinit.cmd = /usr/bin/kinit
	sasl.kerberos.min.time.before.relogin = 60000
	sasl.kerberos.principal.to.local.rules = [DEFAULT]
	sasl.kerberos.service.name = null
	sasl.kerberos.ticket.renew.jitter = 0.05
	sasl.kerberos.ticket.renew.window.factor = 0.8
	sasl.login.callback.handler.class = null
	sasl.login.class = null
	sasl.login.connect.timeout.ms = null
	sasl.login.read.timeout.ms = null
	sasl.login.refresh.buffer.seconds = 300
	sasl.login.refresh.min.period.seconds = 60
	sasl.login.refresh.window.factor = 0.8
	sasl.login.refresh.window.jitter = 0.05
	sasl.login.retry.backoff.max.ms = 10000
	sasl.login.retry.backoff.ms = 100
	sasl.mechanism.controller.protocol = GSSAPI
	sasl.mechanism.inter.broker.protocol = PLAIN
	sasl.oauthbearer.clock.skew.seconds = 30
	sasl.oauthbearer.expected.audience = null
	sasl.oauthbearer.expected.issuer = null
	sasl.oauthbearer.jwks.endpoint.refresh.ms = 3600000
	sasl.oauthbearer.jwks.endpoint.retry.backoff.max.ms = 10000
	sasl.oauthbearer.jwks.endpoint.retry.backoff.ms = 100
	sasl.oauthbearer.jwks.endpoint.url = null
	sasl.oauthbearer.scope.claim.name = scope
	sasl.oauthbearer.sub.claim.name = sub
	sasl.oauthbearer.token.endpoint.url = null
	sasl.server.callback.handler.class = null
	sasl.server.max.receive.size = 524288
	security.inter.broker.protocol = PLAINTEXT
	security.providers = null
	server.max.startup.time.ms = 9223372036854775807
	socket.connection.setup.timeout.max.ms = 30000
	socket.connection.setup.timeout.ms = 10000
	socket.listen.backlog.size = 50
	socket.receive.buffer.bytes = 102400
	socket.request.max.bytes = 104857600
	socket.send.buffer.bytes = 102400
	ssl.cipher.suites = []
	ssl.client.auth = none
	ssl.enabled.protocols = [TLSv1.2, TLSv1.3]
	ssl.endpoint.identification.algorithm = https
	ssl.engine.factory.class = null
	ssl.key.password = null
	ssl.keymanager.algorithm = SunX509
	ssl.keystore.certificate.chain = null
	ssl.keystore.key = null
	ssl.keystore.location = null
	ssl.keystore.password = null
	ssl.keystore.type = JKS
	ssl.principal.mapping.rules = DEFAULT
	ssl.protocol = TLSv1.3
	ssl.provider = null
	ssl.secure.random.implementation = null
	ssl.trustmanager.algorithm = PKIX
	ssl.truststore.certificates = null
	ssl.truststore.location = null
	ssl.truststore.password = null
	ssl.truststore.type = JKS
	transaction.abort.timed.out.transaction.cleanup.interval.ms = 10000
	transaction.max.timeout.ms = 900000
	transaction.partition.verification.enable = true
	transaction.remove.expired.transaction.cleanup.interval.ms = 3600000
	transaction.state.log.load.buffer.size = 5242880
	transaction.state.log.min.isr = 2
	transaction.state.log.num.partitions = 50
	transaction.state.log.replication.factor = 3
	transaction.state.log.segment.bytes = 104857600
	transactional.id.expiration.ms = 604800000
	unclean.leader.election.enable = false
	unstable.api.versions.enable = false
	zookeeper.clientCnxnSocket = null
	zookeeper.connect = kafka-zookeeper:2181
	zookeeper.connection.timeout.ms = null
	zookeeper.max.in.flight.requests = 10
	zookeeper.metadata.migration.enable = false
	zookeeper.session.timeout.ms = 18000
	zookeeper.set.acl = false
	zookeeper.ssl.cipher.suites = null
	zookeeper.ssl.client.enable = false
	zookeeper.ssl.crl.enable = false
	zookeeper.ssl.enabled.protocols = null
	zookeeper.ssl.endpoint.identification.algorithm = HTTPS
	zookeeper.ssl.keystore.location = null
	zookeeper.ssl.keystore.password = null
	zookeeper.ssl.keystore.type = null
	zookeeper.ssl.ocsp.enable = false
	zookeeper.ssl.protocol = TLSv1.2
	zookeeper.ssl.truststore.location = null
	zookeeper.ssl.truststore.password = null
	zookeeper.ssl.truststore.type = null
 (kafka.server.KafkaConfig)
[2024-09-12 08:50:46,854] INFO [ThrottledChannelReaper-Fetch]: Starting (kafka.server.ClientQuotaManager$ThrottledChannelReaper)
[2024-09-12 08:50:46,854] INFO [ThrottledChannelReaper-Produce]: Starting (kafka.server.ClientQuotaManager$ThrottledChannelReaper)
[2024-09-12 08:50:46,855] INFO [ThrottledChannelReaper-Request]: Starting (kafka.server.ClientQuotaManager$ThrottledChannelReaper)
[2024-09-12 08:50:46,857] INFO [ThrottledChannelReaper-ControllerMutation]: Starting (kafka.server.ClientQuotaManager$ThrottledChannelReaper)
[2024-09-12 08:50:46,888] INFO Loading logs from log dirs ArrayBuffer(/bitnami/kafka/data) (kafka.log.LogManager)
[2024-09-12 08:50:46,893] INFO No logs found to be loaded in /bitnami/kafka/data (kafka.log.LogManager)
[2024-09-12 08:50:46,904] INFO Loaded 0 logs in 15ms (kafka.log.LogManager)
[2024-09-12 08:50:46,907] INFO Starting log cleanup with a period of 300000 ms. (kafka.log.LogManager)
[2024-09-12 08:50:46,908] INFO Starting log flusher with a default period of 9223372036854775807 ms. (kafka.log.LogManager)
[2024-09-12 08:50:46,918] INFO Starting the log cleaner (kafka.log.LogCleaner)
[2024-09-12 08:50:46,999] INFO [kafka-log-cleaner-thread-0]: Starting (kafka.log.LogCleaner$CleanerThread)
[2024-09-12 08:50:47,018] INFO [feature-zk-node-event-process-thread]: Starting (kafka.server.FinalizedFeatureChangeListener$ChangeNotificationProcessorThread)
[2024-09-12 08:50:47,028] INFO Feature ZK node at path: /feature does not exist (kafka.server.FinalizedFeatureChangeListener)
[2024-09-12 08:50:47,075] INFO Successfully logged in. (org.apache.kafka.common.security.authenticator.AbstractLogin)
[2024-09-12 08:50:47,089] INFO [zk-broker-100-to-controller-forwarding-channel-manager]: Starting (kafka.server.BrokerToControllerRequestThread)
[2024-09-12 08:50:47,374] INFO Updated connection-accept-rate max connection creation rate to 2147483647 (kafka.network.ConnectionQuotas)
[2024-09-12 08:50:47,392] INFO Successfully logged in. (org.apache.kafka.common.security.authenticator.AbstractLogin)
[2024-09-12 08:50:47,394] INFO Successfully logged in. (org.apache.kafka.common.security.authenticator.AbstractLogin)
[2024-09-12 08:50:47,401] INFO [SocketServer listenerType=ZK_BROKER, nodeId=100] Created data-plane acceptor and processors for endpoint : ListenerName(CLIENT) (kafka.network.SocketServer)
[2024-09-12 08:50:47,402] INFO Updated connection-accept-rate max connection creation rate to 2147483647 (kafka.network.ConnectionQuotas)
[2024-09-12 08:50:47,403] INFO Successfully logged in. (org.apache.kafka.common.security.authenticator.AbstractLogin)
[2024-09-12 08:50:47,408] INFO [SocketServer listenerType=ZK_BROKER, nodeId=100] Created data-plane acceptor and processors for endpoint : ListenerName(INTERNAL) (kafka.network.SocketServer)
[2024-09-12 08:50:47,413] INFO [zk-broker-100-to-controller-alter-partition-channel-manager]: Starting (kafka.server.BrokerToControllerRequestThread)
[2024-09-12 08:50:47,433] INFO [ExpirationReaper-100-Produce]: Starting (kafka.server.DelayedOperationPurgatory$ExpiredOperationReaper)
[2024-09-12 08:50:47,435] INFO [ExpirationReaper-100-Fetch]: Starting (kafka.server.DelayedOperationPurgatory$ExpiredOperationReaper)
[2024-09-12 08:50:47,435] INFO [ExpirationReaper-100-DeleteRecords]: Starting (kafka.server.DelayedOperationPurgatory$ExpiredOperationReaper)
[2024-09-12 08:50:47,436] INFO [ExpirationReaper-100-ElectLeader]: Starting (kafka.server.DelayedOperationPurgatory$ExpiredOperationReaper)
[2024-09-12 08:50:47,437] INFO [ExpirationReaper-100-RemoteFetch]: Starting (kafka.server.DelayedOperationPurgatory$ExpiredOperationReaper)
[2024-09-12 08:50:47,447] INFO [LogDirFailureHandler]: Starting (kafka.server.ReplicaManager$LogDirFailureHandler)
[2024-09-12 08:50:47,447] INFO [AddPartitionsToTxnSenderThread-100]: Starting (kafka.server.AddPartitionsToTxnManager)
[2024-09-12 08:50:47,465] INFO Creating /brokers/ids/100 (is it secure? false) (kafka.zk.KafkaZkClient)
[2024-09-12 08:50:47,487] INFO Stat of the created znode at /brokers/ids/100 is: 33,33,1726131047476,1726131047476,1,0,0,72057615260385281,444,0,33
 (kafka.zk.KafkaZkClient)
[2024-09-12 08:50:47,488] INFO Registered broker 100 at path /brokers/ids/100 with addresses: CLIENT://kafka-broker-0.kafka-broker-headless.platform-nuxeo-helm-chart-master-25-third-party-auth.svc.cluster.local:9092,INTERNAL://kafka-broker-0.kafka-broker-headless.platform-nuxeo-helm-chart-master-25-third-party-auth.svc.cluster.local:9094, czxid (broker epoch): 33 (kafka.zk.KafkaZkClient)
[2024-09-12 08:50:47,555] INFO [ControllerEventThread controllerId=100] Starting (kafka.controller.ControllerEventManager$ControllerEventThread)
[2024-09-12 08:50:47,562] INFO [ExpirationReaper-100-topic]: Starting (kafka.server.DelayedOperationPurgatory$ExpiredOperationReaper)
[2024-09-12 08:50:47,569] INFO [ExpirationReaper-100-Heartbeat]: Starting (kafka.server.DelayedOperationPurgatory$ExpiredOperationReaper)
[2024-09-12 08:50:47,570] INFO [ExpirationReaper-100-Rebalance]: Starting (kafka.server.DelayedOperationPurgatory$ExpiredOperationReaper)
[2024-09-12 08:50:47,572] INFO Successfully created /controller_epoch with initial epoch 0 (kafka.zk.KafkaZkClient)
[2024-09-12 08:50:47,582] INFO [GroupCoordinator 100]: Starting up. (kafka.coordinator.group.GroupCoordinator)
[2024-09-12 08:50:47,582] INFO [Controller id=100] 100 successfully elected as the controller. Epoch incremented to 1 and epoch zk version is now 1 (kafka.controller.KafkaController)
[2024-09-12 08:50:47,587] INFO [Controller id=100] Creating FeatureZNode at path: /feature with contents: FeatureZNode(2,Enabled,Map()) (kafka.controller.KafkaController)
[2024-09-12 08:50:47,588] INFO [GroupCoordinator 100]: Startup complete. (kafka.coordinator.group.GroupCoordinator)
[2024-09-12 08:50:47,593] INFO Feature ZK node created at path: /feature (kafka.server.FinalizedFeatureChangeListener)
[2024-09-12 08:50:47,609] INFO [TransactionCoordinator id=100] Starting up. (kafka.coordinator.transaction.TransactionCoordinator)
[2024-09-12 08:50:47,613] INFO [TxnMarkerSenderThread-100]: Starting (kafka.coordinator.transaction.TransactionMarkerChannelManager)
[2024-09-12 08:50:47,613] INFO [TransactionCoordinator id=100] Startup complete. (kafka.coordinator.transaction.TransactionCoordinator)
[2024-09-12 08:50:47,620] INFO [MetadataCache brokerId=100] Updated cache from existing None to latest Features(version=3.6-IV2, finalizedFeatures={}, finalizedFeaturesEpoch=0). (kafka.server.metadata.ZkMetadataCache)
[2024-09-12 08:50:47,621] INFO [Controller id=100] Registering handlers (kafka.controller.KafkaController)
[2024-09-12 08:50:47,626] INFO [Controller id=100] Deleting log dir event notifications (kafka.controller.KafkaController)
[2024-09-12 08:50:47,629] INFO [Controller id=100] Deleting isr change notifications (kafka.controller.KafkaController)
[2024-09-12 08:50:47,632] INFO [Controller id=100] Initializing controller context (kafka.controller.KafkaController)
[2024-09-12 08:50:47,645] INFO [Controller id=100] Initialized broker epochs cache: Map(100 -> 33) (kafka.controller.KafkaController)
[2024-09-12 08:50:47,645] INFO [ExpirationReaper-100-AlterAcls]: Starting (kafka.server.DelayedOperationPurgatory$ExpiredOperationReaper)
[2024-09-12 08:50:47,651] DEBUG [Controller id=100] Register BrokerModifications handler for Set(100) (kafka.controller.KafkaController)
[2024-09-12 08:50:47,657] DEBUG [Channel manager on controller 100]: Controller 100 trying to connect to broker 100 (kafka.controller.ControllerChannelManager)
[2024-09-12 08:50:47,663] INFO [RequestSendThread controllerId=100] Starting (kafka.controller.RequestSendThread)
[2024-09-12 08:50:47,663] INFO [Controller id=100] Currently active brokers in the cluster: Set(100) (kafka.controller.KafkaController)
[2024-09-12 08:50:47,664] INFO [Controller id=100] Currently shutting brokers in the cluster: Set() (kafka.controller.KafkaController)
[2024-09-12 08:50:47,664] INFO [Controller id=100] Current list of topics in the cluster: Set() (kafka.controller.KafkaController)
[2024-09-12 08:50:47,664] INFO [Controller id=100] Fetching topic deletions in progress (kafka.controller.KafkaController)
[2024-09-12 08:50:47,667] INFO [/config/changes-event-process-thread]: Starting (kafka.common.ZkNodeChangeNotificationListener$ChangeEventProcessThread)
[2024-09-12 08:50:47,669] INFO [Controller id=100] List of topics to be deleted:  (kafka.controller.KafkaController)
[2024-09-12 08:50:47,669] INFO [Controller id=100] List of topics ineligible for deletion:  (kafka.controller.KafkaController)
[2024-09-12 08:50:47,669] INFO [Controller id=100] Initializing topic deletion manager (kafka.controller.KafkaController)
[2024-09-12 08:50:47,670] INFO Processing notification(s) to /config/changes (kafka.common.ZkNodeChangeNotificationListener)
[2024-09-12 08:50:47,670] INFO [Topic Deletion Manager 100] Initializing manager with initial deletions: Set(), initial ineligible deletions: Set() (kafka.controller.TopicDeletionManager)
[2024-09-12 08:50:47,671] INFO [Controller id=100] Sending update metadata request (kafka.controller.KafkaController)
[2024-09-12 08:50:47,674] INFO [Controller id=100 epoch=1] Sending UpdateMetadata request to brokers Set(100) for 0 partitions (state.change.logger)
[2024-09-12 08:50:47,679] INFO Processing override for entityPath: users/dummyKafkaUser with config: Map(SCRAM-SHA-256 -> [hidden], SCRAM-SHA-512 -> [hidden]) (kafka.server.ZkConfigManager)
[2024-09-12 08:50:47,681] INFO [ReplicaStateMachine controllerId=100] Initializing replica state (kafka.controller.ZkReplicaStateMachine)
[2024-09-12 08:50:47,681] INFO [ReplicaStateMachine controllerId=100] Triggering online replica state changes (kafka.controller.ZkReplicaStateMachine)
[2024-09-12 08:50:47,683] INFO Removing PRODUCE quota for user dummyKafkaUser (kafka.server.ClientQuotaManager)
[2024-09-12 08:50:47,684] INFO [ReplicaStateMachine controllerId=100] Triggering offline replica state changes (kafka.controller.ZkReplicaStateMachine)
[2024-09-12 08:50:47,684] DEBUG [ReplicaStateMachine controllerId=100] Started replica state machine with initial state -> Map() (kafka.controller.ZkReplicaStateMachine)
[2024-09-12 08:50:47,684] INFO [PartitionStateMachine controllerId=100] Initializing partition state (kafka.controller.ZkPartitionStateMachine)
[2024-09-12 08:50:47,685] INFO [PartitionStateMachine controllerId=100] Triggering online partition state changes (kafka.controller.ZkPartitionStateMachine)
[2024-09-12 08:50:47,685] INFO Removing FETCH quota for user dummyKafkaUser (kafka.server.ClientQuotaManager)
[2024-09-12 08:50:47,685] INFO Removing PRODUCE quota for user dummyKafkaUser (kafka.server.ClientQuotaManager)
[2024-09-12 08:50:47,685] INFO Removing REQUEST quota for user dummyKafkaUser (kafka.server.ClientRequestQuotaManager)
[2024-09-12 08:50:47,686] INFO Removing FETCH quota for user dummyKafkaUser (kafka.server.ClientQuotaManager)
[2024-09-12 08:50:47,686] INFO Removing CONTROLLER_MUTATION quota for user dummyKafkaUser (kafka.server.ControllerMutationQuotaManager)
[2024-09-12 08:50:47,686] INFO Removing REQUEST quota for user dummyKafkaUser (kafka.server.ClientRequestQuotaManager)
[2024-09-12 08:50:47,686] INFO Removing CONTROLLER_MUTATION quota for user dummyKafkaUser (kafka.server.ControllerMutationQuotaManager)
[2024-09-12 08:50:47,688] DEBUG [PartitionStateMachine controllerId=100] Started partition state machine with initial state -> Map() (kafka.controller.ZkPartitionStateMachine)
[2024-09-12 08:50:47,688] INFO [Controller id=100] Ready to serve as the new controller with epoch 1 (kafka.controller.KafkaController)
[2024-09-12 08:50:47,694] INFO [Controller id=100] Partitions undergoing preferred replica election:  (kafka.controller.KafkaController)
[2024-09-12 08:50:47,694] INFO [Controller id=100] Partitions that completed preferred replica election:  (kafka.controller.KafkaController)
[2024-09-12 08:50:47,695] INFO [Controller id=100] Skipping preferred replica election for partitions due to topic deletion:  (kafka.controller.KafkaController)
[2024-09-12 08:50:47,695] INFO [Controller id=100] Resuming preferred replica election for partitions:  (kafka.controller.KafkaController)
[2024-09-12 08:50:47,695] INFO [Controller id=100, targetBrokerId=100] Node 100 disconnected. (org.apache.kafka.clients.NetworkClient)
[2024-09-12 08:50:47,696] INFO [Controller id=100] Starting replica leader election (PREFERRED) for partitions  triggered by ZkTriggered (kafka.controller.KafkaController)
[2024-09-12 08:50:47,698] WARN [Controller id=100, targetBrokerId=100] Connection to node 100 (kafka-broker-0.kafka-broker-headless.platform-nuxeo-helm-chart-master-25-third-party-auth.svc.cluster.local/10.60.196.25:9094) could not be established. Broker may not be available. (org.apache.kafka.clients.NetworkClient)
[2024-09-12 08:50:47,698] INFO [SocketServer listenerType=ZK_BROKER, nodeId=100] Enabling request processing. (kafka.network.SocketServer)
[2024-09-12 08:50:47,700] WARN [RequestSendThread controllerId=100] Controller 100's connection to broker kafka-broker-0.kafka-broker-headless.platform-nuxeo-helm-chart-master-25-third-party-auth.svc.cluster.local:9094 (id: 100 rack: null) was unsuccessful (kafka.controller.RequestSendThread)
java.io.IOException: Connection to kafka-broker-0.kafka-broker-headless.platform-nuxeo-helm-chart-master-25-third-party-auth.svc.cluster.local:9094 (id: 100 rack: null) failed.
	at org.apache.kafka.clients.NetworkClientUtils.awaitReady(NetworkClientUtils.java:70)
	at kafka.controller.RequestSendThread.brokerReady(ControllerChannelManager.scala:298)
	at kafka.controller.RequestSendThread.doWork(ControllerChannelManager.scala:251)
	at org.apache.kafka.server.util.ShutdownableThread.run(ShutdownableThread.java:130)
[2024-09-12 08:50:47,704] INFO [Controller id=100, targetBrokerId=100] Client requested connection close from node 100 (org.apache.kafka.clients.NetworkClient)
[2024-09-12 08:50:47,705] INFO Awaiting socket connections on 0.0.0.0:9094. (kafka.network.DataPlaneAcceptor)
[2024-09-12 08:50:47,707] INFO Awaiting socket connections on 0.0.0.0:9092. (kafka.network.DataPlaneAcceptor)
[2024-09-12 08:50:47,714] INFO [Controller id=100] Starting the controller scheduler (kafka.controller.KafkaController)
[2024-09-12 08:50:47,723] INFO Kafka version: 3.6.0 (org.apache.kafka.common.utils.AppInfoParser)
[2024-09-12 08:50:47,723] INFO Kafka commitId: 60e845626d8a465a (org.apache.kafka.common.utils.AppInfoParser)
[2024-09-12 08:50:47,723] INFO Kafka startTimeMs: 1726131047718 (org.apache.kafka.common.utils.AppInfoParser)
[2024-09-12 08:50:47,724] INFO [KafkaServer id=100] started (kafka.server.KafkaServer)
[2024-09-12 08:50:47,853] INFO [RequestSendThread controllerId=100] Controller 100 connected to kafka-broker-0.kafka-broker-headless.platform-nuxeo-helm-chart-master-25-third-party-auth.svc.cluster.local:9094 (id: 100 rack: null) for sending state change requests (kafka.controller.RequestSendThread)
[2024-09-12 08:50:47,898] INFO [zk-broker-100-to-controller-forwarding-channel-manager]: Recorded new controller, from now on will use node kafka-broker-0.kafka-broker-headless.platform-nuxeo-helm-chart-master-25-third-party-auth.svc.cluster.local:9094 (id: 100 rack: null) (kafka.server.BrokerToControllerRequestThread)
[2024-09-12 08:50:47,915] INFO [zk-broker-100-to-controller-alter-partition-channel-manager]: Recorded new controller, from now on will use node kafka-broker-0.kafka-broker-headless.platform-nuxeo-helm-chart-master-25-third-party-auth.svc.cluster.local:9094 (id: 100 rack: null) (kafka.server.BrokerToControllerRequestThread)
[2024-09-12 08:50:52,716] INFO [Controller id=100] Processing automatic preferred replica leader election (kafka.controller.KafkaController)
[2024-09-12 08:50:52,716] TRACE [Controller id=100] Checking need to trigger auto leader balancing (kafka.controller.KafkaController)
