Enabling execution of install_demo_configuration.sh for OpenSearch Security Plugin
OpenSearch Security Demo Installer
 ** Warning: Do not use on production or public reachable systems **
Basedir: /usr/share/opensearch
OpenSearch install type: rpm/deb on NAME="Amazon Linux"
OpenSearch config dir: /usr/share/opensearch/config
OpenSearch config file: /usr/share/opensearch/config/opensearch.yml
OpenSearch bin dir: /usr/share/opensearch/bin
OpenSearch plugins dir: /usr/share/opensearch/plugins
OpenSearch lib dir: /usr/share/opensearch/lib
Detected OpenSearch Version: x-content-1.3.6
Detected OpenSearch Security Version: 1.3.6.0

tee: /usr/share/opensearch/config/opensearch.yml: Permission denied
Enabling OpenSearch Security Plugin
[2024-09-20T07:52:18,611][INFO ][o.o.n.Node               ] [opensearch-master-0] version[1.3.6], pid[45], build[tar/cbf74db21db3eb4d79c43caeafc23eec592bf697/2022-10-04T20:26:16.847170Z], OS[Linux/6.1.85+/amd64], JVM[Eclipse Adoptium/OpenJDK 64-Bit Server VM/11.0.16/11.0.16+8]
[2024-09-20T07:52:18,614][INFO ][o.o.n.Node               ] [opensearch-master-0] JVM home [/usr/share/opensearch/jdk], using bundled JDK [true]
[2024-09-20T07:52:18,614][INFO ][o.o.n.Node               ] [opensearch-master-0] JVM arguments [-Xshare:auto, -Dopensearch.networkaddress.cache.ttl=60, -Dopensearch.networkaddress.cache.negative.ttl=10, -XX:+AlwaysPreTouch, -Xss1m, -Djava.awt.headless=true, -Dfile.encoding=UTF-8, -Djna.nosys=true, -XX:-OmitStackTraceInFastThrow, -Dio.netty.noUnsafe=true, -Dio.netty.noKeySetOptimization=true, -Dio.netty.recycler.maxCapacityPerThread=0, -Dio.netty.allocator.numDirectArenas=0, -Dlog4j.shutdownHookEnabled=false, -Dlog4j2.disable.jmx=true, -Djava.locale.providers=SPI,COMPAT, -Xms1g, -Xmx1g, -XX:+UseG1GC, -XX:G1ReservePercent=25, -XX:InitiatingHeapOccupancyPercent=30, -Djava.io.tmpdir=/tmp/opensearch-14983970552516639654, -XX:+HeapDumpOnOutOfMemoryError, -XX:HeapDumpPath=data, -XX:ErrorFile=logs/hs_err_pid%p.log, -Xlog:gc*,gc+age=trace,safepoint:file=logs/gc.log:utctime,pid,tags:filecount=32,filesize=64m, -Dclk.tck=100, -Djdk.attach.allowAttachSelf=true, -Djava.security.policy=/usr/share/opensearch/config/opensearch-performance-analyzer/opensearch_security.policy, --add-opens=jdk.attach/sun.tools.attach=ALL-UNNAMED, -Dopensearch.cgroups.hierarchy.override=/, -Xmx1g, -Xms1g, -XX:MaxDirectMemorySize=536870912, -Dopensearch.path.home=/usr/share/opensearch, -Dopensearch.path.conf=/usr/share/opensearch/config, -Dopensearch.distribution.type=tar, -Dopensearch.bundled_jdk=true]
[2024-09-20T07:52:19,636][WARN ][stderr                   ] [opensearch-master-0] SLF4J: Failed to load class "org.slf4j.impl.StaticLoggerBinder".
[2024-09-20T07:52:19,636][WARN ][stderr                   ] [opensearch-master-0] SLF4J: Defaulting to no-operation (NOP) logger implementation
[2024-09-20T07:52:19,636][WARN ][stderr                   ] [opensearch-master-0] SLF4J: See http://www.slf4j.org/codes.html#StaticLoggerBinder for further details.
[2024-09-20T07:52:19,646][INFO ][o.o.s.s.t.SSLConfig      ] [opensearch-master-0] SSL dual mode is disabled
[2024-09-20T07:52:19,647][WARN ][o.o.s.OpenSearchSecurityPlugin] [opensearch-master-0] OpenSearch Security plugin installed but disabled. This can expose your configuration (including passwords) to the public.
[2024-09-20T07:52:20,222][INFO ][o.o.p.c.PluginSettings   ] [opensearch-master-0] Config: metricsLocation: /dev/shm/performanceanalyzer/, metricsDeletionInterval: 1, httpsEnabled: false, cleanup-metrics-db-files: true, batch-metrics-retention-period-minutes: 7, rpc-port: 9650, webservice-port 9600
[2024-09-20T07:52:20,542][INFO ][o.o.i.r.ReindexPlugin    ] [opensearch-master-0] ReindexPlugin reloadSPI called
[2024-09-20T07:52:20,542][INFO ][o.o.i.r.ReindexPlugin    ] [opensearch-master-0] Unable to find any implementation for RemoteReindexExtension
[2024-09-20T07:52:20,589][INFO ][o.o.j.JobSchedulerPlugin ] [opensearch-master-0] Loaded scheduler extension: reports-scheduler, index: .opendistro-reports-definitions
[2024-09-20T07:52:20,595][INFO ][o.o.j.JobSchedulerPlugin ] [opensearch-master-0] Loaded scheduler extension: opendistro_anomaly_detector, index: .opendistro-anomaly-detector-jobs
[2024-09-20T07:52:20,596][INFO ][o.o.j.JobSchedulerPlugin ] [opensearch-master-0] Loaded scheduler extension: opendistro-index-management, index: .opendistro-ism-config
[2024-09-20T07:52:20,600][INFO ][o.o.p.PluginsService     ] [opensearch-master-0] loaded module [aggs-matrix-stats]
[2024-09-20T07:52:20,600][INFO ][o.o.p.PluginsService     ] [opensearch-master-0] loaded module [analysis-common]
[2024-09-20T07:52:20,600][INFO ][o.o.p.PluginsService     ] [opensearch-master-0] loaded module [geo]
[2024-09-20T07:52:20,600][INFO ][o.o.p.PluginsService     ] [opensearch-master-0] loaded module [ingest-common]
[2024-09-20T07:52:20,600][INFO ][o.o.p.PluginsService     ] [opensearch-master-0] loaded module [ingest-geoip]
[2024-09-20T07:52:20,601][INFO ][o.o.p.PluginsService     ] [opensearch-master-0] loaded module [ingest-user-agent]
[2024-09-20T07:52:20,601][INFO ][o.o.p.PluginsService     ] [opensearch-master-0] loaded module [lang-expression]
[2024-09-20T07:52:20,601][INFO ][o.o.p.PluginsService     ] [opensearch-master-0] loaded module [lang-mustache]
[2024-09-20T07:52:20,601][INFO ][o.o.p.PluginsService     ] [opensearch-master-0] loaded module [lang-painless]
[2024-09-20T07:52:20,601][INFO ][o.o.p.PluginsService     ] [opensearch-master-0] loaded module [mapper-extras]
[2024-09-20T07:52:20,601][INFO ][o.o.p.PluginsService     ] [opensearch-master-0] loaded module [opensearch-dashboards]
[2024-09-20T07:52:20,601][INFO ][o.o.p.PluginsService     ] [opensearch-master-0] loaded module [parent-join]
[2024-09-20T07:52:20,601][INFO ][o.o.p.PluginsService     ] [opensearch-master-0] loaded module [percolator]
[2024-09-20T07:52:20,601][INFO ][o.o.p.PluginsService     ] [opensearch-master-0] loaded module [rank-eval]
[2024-09-20T07:52:20,601][INFO ][o.o.p.PluginsService     ] [opensearch-master-0] loaded module [reindex]
[2024-09-20T07:52:20,601][INFO ][o.o.p.PluginsService     ] [opensearch-master-0] loaded module [repository-url]
[2024-09-20T07:52:20,601][INFO ][o.o.p.PluginsService     ] [opensearch-master-0] loaded module [transport-netty4]
[2024-09-20T07:52:20,602][INFO ][o.o.p.PluginsService     ] [opensearch-master-0] loaded plugin [opensearch-alerting]
[2024-09-20T07:52:20,602][INFO ][o.o.p.PluginsService     ] [opensearch-master-0] loaded plugin [opensearch-anomaly-detection]
[2024-09-20T07:52:20,602][INFO ][o.o.p.PluginsService     ] [opensearch-master-0] loaded plugin [opensearch-asynchronous-search]
[2024-09-20T07:52:20,602][INFO ][o.o.p.PluginsService     ] [opensearch-master-0] loaded plugin [opensearch-cross-cluster-replication]
[2024-09-20T07:52:20,602][INFO ][o.o.p.PluginsService     ] [opensearch-master-0] loaded plugin [opensearch-index-management]
[2024-09-20T07:52:20,602][INFO ][o.o.p.PluginsService     ] [opensearch-master-0] loaded plugin [opensearch-job-scheduler]
[2024-09-20T07:52:20,602][INFO ][o.o.p.PluginsService     ] [opensearch-master-0] loaded plugin [opensearch-knn]
[2024-09-20T07:52:20,602][INFO ][o.o.p.PluginsService     ] [opensearch-master-0] loaded plugin [opensearch-ml]
[2024-09-20T07:52:20,602][INFO ][o.o.p.PluginsService     ] [opensearch-master-0] loaded plugin [opensearch-observability]
[2024-09-20T07:52:20,602][INFO ][o.o.p.PluginsService     ] [opensearch-master-0] loaded plugin [opensearch-performance-analyzer]
[2024-09-20T07:52:20,602][INFO ][o.o.p.PluginsService     ] [opensearch-master-0] loaded plugin [opensearch-reports-scheduler]
[2024-09-20T07:52:20,603][INFO ][o.o.p.PluginsService     ] [opensearch-master-0] loaded plugin [opensearch-security]
[2024-09-20T07:52:20,603][INFO ][o.o.p.PluginsService     ] [opensearch-master-0] loaded plugin [opensearch-sql]
[2024-09-20T07:52:20,636][INFO ][o.o.e.NodeEnvironment    ] [opensearch-master-0] using [1] data paths, mounts [[/ (overlay)]], net usable_space [77.5gb], net total_space [94.2gb], types [overlay]
[2024-09-20T07:52:20,637][INFO ][o.o.e.NodeEnvironment    ] [opensearch-master-0] heap size [1gb], compressed ordinary object pointers [true]
[2024-09-20T07:52:20,674][INFO ][o.o.n.Node               ] [opensearch-master-0] node name [opensearch-master-0], node ID [aqoNgjJQSw6icv5FdOpA9A], cluster name [opensearch], roles [master, remote_cluster_client, data, ingest]
[2024-09-20T07:52:24,521][INFO ][o.o.a.b.ADCircuitBreakerService] [opensearch-master-0] Registered memory breaker.
[2024-09-20T07:52:24,927][INFO ][o.o.m.c.b.MLCircuitBreakerService] [opensearch-master-0] Registered ML memory breaker.
[2024-09-20T07:52:25,365][INFO ][o.o.t.NettyAllocator     ] [opensearch-master-0] creating NettyAllocator with the following configs: [name=unpooled, suggested_max_allocation_size=256kb, factors={opensearch.unsafe.use_unpooled_allocator=null, g1gc_enabled=true, g1gc_region_size=1mb, heap_size=1gb}]
[2024-09-20T07:52:25,429][INFO ][o.o.d.DiscoveryModule    ] [opensearch-master-0] using discovery type [single-node] and seed hosts providers [settings]
[2024-09-20T07:52:25,915][WARN ][o.o.g.DanglingIndicesState] [opensearch-master-0] gateway.auto_import_dangling_indices is disabled, dangling indices will not be automatically detected or imported and must be managed manually
[2024-09-20T07:52:26,316][INFO ][o.o.p.h.c.PerformanceAnalyzerConfigAction] [opensearch-master-0] PerformanceAnalyzer Enabled: false
[2024-09-20T07:52:26,350][INFO ][o.o.n.Node               ] [opensearch-master-0] initialized
[2024-09-20T07:52:26,350][INFO ][o.o.n.Node               ] [opensearch-master-0] starting ...
[2024-09-20T07:52:26,498][INFO ][o.o.t.TransportService   ] [opensearch-master-0] publish_address {10.60.164.6:9300}, bound_addresses {0.0.0.0:9300}
[2024-09-20T07:52:26,719][WARN ][o.o.b.BootstrapChecks    ] [opensearch-master-0] max virtual memory areas vm.max_map_count [65530] is too low, increase to at least [262144]
[2024-09-20T07:52:26,730][INFO ][o.o.c.c.Coordinator      ] [opensearch-master-0] setting initial configuration to VotingConfiguration{aqoNgjJQSw6icv5FdOpA9A}
[2024-09-20T07:52:26,951][INFO ][o.o.c.s.MasterService    ] [opensearch-master-0] elected-as-master ([1] nodes joined)[{opensearch-master-0}{aqoNgjJQSw6icv5FdOpA9A}{_pQYjA33SQ29L2-ow32PJQ}{10.60.164.6}{10.60.164.6:9300}{dimr}{shard_indexing_pressure_enabled=true} elect leader, _BECOME_MASTER_TASK_, _FINISH_ELECTION_], term: 1, version: 1, delta: master node changed {previous [], current [{opensearch-master-0}{aqoNgjJQSw6icv5FdOpA9A}{_pQYjA33SQ29L2-ow32PJQ}{10.60.164.6}{10.60.164.6:9300}{dimr}{shard_indexing_pressure_enabled=true}]}
[2024-09-20T07:52:27,047][INFO ][o.o.c.c.CoordinationState] [opensearch-master-0] cluster UUID set to [nn2sr0JtSqSmXFyupsw0ag]
[2024-09-20T07:52:27,102][INFO ][o.o.c.s.ClusterApplierService] [opensearch-master-0] master node changed {previous [], current [{opensearch-master-0}{aqoNgjJQSw6icv5FdOpA9A}{_pQYjA33SQ29L2-ow32PJQ}{10.60.164.6}{10.60.164.6:9300}{dimr}{shard_indexing_pressure_enabled=true}]}, term: 1, version: 1, reason: Publication{term=1, version=1}
[2024-09-20T07:52:27,113][INFO ][o.o.a.c.ADClusterEventListener] [opensearch-master-0] Cluster is not recovered yet.
[2024-09-20T07:52:27,125][INFO ][o.o.i.i.ManagedIndexCoordinator] [opensearch-master-0] Cache master node onMaster time: 1726818747125
[2024-09-20T07:52:27,131][WARN ][o.o.p.c.s.h.ConfigOverridesClusterSettingHandler] [opensearch-master-0] Config override setting update called with empty string. Ignoring.
[2024-09-20T07:52:27,153][INFO ][o.o.h.AbstractHttpServerTransport] [opensearch-master-0] publish_address {10.60.164.6:9200}, bound_addresses {0.0.0.0:9200}
[2024-09-20T07:52:27,153][INFO ][o.o.n.Node               ] [opensearch-master-0] started
[2024-09-20T07:52:27,153][INFO ][o.o.s.OpenSearchSecurityPlugin] [opensearch-master-0] Node started
[2024-09-20T07:52:27,154][INFO ][o.o.s.OpenSearchSecurityPlugin] [opensearch-master-0] 0 OpenSearch Security modules loaded so far: []
[2024-09-20T07:52:27,194][INFO ][o.o.a.c.HashRing         ] [opensearch-master-0] Node added: [aqoNgjJQSw6icv5FdOpA9A]
[2024-09-20T07:52:27,199][INFO ][o.o.a.c.HashRing         ] [opensearch-master-0] Add data node to AD version hash ring: aqoNgjJQSw6icv5FdOpA9A
[2024-09-20T07:52:27,201][INFO ][o.o.a.c.HashRing         ] [opensearch-master-0] All nodes with known AD version: {aqoNgjJQSw6icv5FdOpA9A=ADNodeInfo{version=1.3.6, isEligibleDataNode=true}}
[2024-09-20T07:52:27,202][INFO ][o.o.a.c.HashRing         ] [opensearch-master-0] Rebuild AD hash ring for realtime AD with cooldown, nodeChangeEvents size 0
[2024-09-20T07:52:27,202][INFO ][o.o.a.c.HashRing         ] [opensearch-master-0] Build AD version hash ring successfully
[2024-09-20T07:52:27,203][INFO ][o.o.a.c.ADDataMigrator   ] [opensearch-master-0] Start migrating AD data
[2024-09-20T07:52:27,203][INFO ][o.o.a.c.ADDataMigrator   ] [opensearch-master-0] AD job index doesn't exist, no need to migrate
[2024-09-20T07:52:27,203][INFO ][o.o.a.c.ADClusterEventListener] [opensearch-master-0] Init AD version hash ring successfully
[2024-09-20T07:52:27,233][INFO ][o.o.g.GatewayService     ] [opensearch-master-0] recovered [0] indices into cluster_state
[2024-09-20T07:53:27,128][INFO ][o.o.i.i.ManagedIndexCoordinator] [opensearch-master-0] Performing move cluster state metadata.
[2024-09-20T07:53:27,129][INFO ][o.o.i.i.MetadataService  ] [opensearch-master-0] ISM config index not exist, so we cancel the metadata migration job.
[2024-09-20T07:53:27,129][INFO ][o.o.i.i.ManagedIndexCoordinator] [opensearch-master-0] Performing ISM template migration.
[2024-09-20T07:53:27,130][INFO ][o.o.i.i.m.ISMTemplateService] [opensearch-master-0] Doing ISM template migration 1 time.
[2024-09-20T07:53:27,130][INFO ][o.o.i.i.m.ISMTemplateService] [opensearch-master-0] Use 2024-09-20T06:52:27.125Z as migrating ISM template last_updated_time
[2024-09-20T07:53:27,131][INFO ][o.o.i.i.m.ISMTemplateService] [opensearch-master-0] ISM templates: {}
[2024-09-20T07:53:27,132][INFO ][o.o.i.i.m.ISMTemplateService] [opensearch-master-0] Policies to update: []
[2024-09-20T07:53:27,136][INFO ][o.o.i.i.m.ISMTemplateService] [opensearch-master-0] Failure experienced when migrating ISM Template and update ISM policies: {}
[2024-09-20T07:53:27,229][INFO ][o.o.c.s.ClusterSettings  ] [opensearch-master-0] updating [plugins.index_state_management.template_migration.control] from [0] to [-1]
[2024-09-20T07:53:27,234][INFO ][o.o.i.i.m.ISMTemplateService] [opensearch-master-0] Successfully update template migration setting
[2024-09-20T07:53:49,899][INFO ][o.o.c.m.MetadataCreateIndexService] [opensearch-master-0] [nuxeo-audit] creating index, cause [api], templates [], shards [5]/[0]
[2024-09-20T07:53:50,403][INFO ][o.o.c.r.a.AllocationService] [opensearch-master-0] Cluster health status changed from [YELLOW] to [GREEN] (reason: [shards started [[nuxeo-audit][4]]]).
[2024-09-20T07:53:50,490][INFO ][o.o.c.m.MetadataMappingService] [opensearch-master-0] [nuxeo-audit/zgd3Y3OGQ-ibhikhsUpdew] create_mapping [_doc]
[2024-09-20T07:53:50,540][INFO ][o.o.c.m.MetadataCreateIndexService] [opensearch-master-0] [nuxeo-uidgen] creating index, cause [api], templates [], shards [1]/[1]
[2024-09-20T07:53:50,542][INFO ][o.o.c.r.a.AllocationService] [opensearch-master-0] updating number_of_replicas to [0] for indices [nuxeo-uidgen]
[2024-09-20T07:53:50,627][INFO ][o.o.c.r.a.AllocationService] [opensearch-master-0] Cluster health status changed from [YELLOW] to [GREEN] (reason: [shards started [[nuxeo-uidgen][0]]]).
[2024-09-20T07:53:50,672][INFO ][o.o.c.m.MetadataMappingService] [opensearch-master-0] [nuxeo-uidgen/mKdZ1lrwTTGrHMeaPRAdcQ] create_mapping [_doc]
[2024-09-20T07:53:50,727][INFO ][o.o.c.m.MetadataCreateIndexService] [opensearch-master-0] [nuxeo] creating index, cause [api], templates [], shards [5]/[0]
[2024-09-20T07:53:50,973][INFO ][o.o.c.r.a.AllocationService] [opensearch-master-0] Cluster health status changed from [YELLOW] to [GREEN] (reason: [shards started [[nuxeo][4]]]).
[2024-09-20T07:53:51,023][INFO ][o.o.c.m.MetadataMappingService] [opensearch-master-0] [nuxeo/E-w5SKM0RsepEwiq7u5yrw] create_mapping [_doc]
