ENTRYPOINT: Initialize server configuration without /etc/nuxeo/nuxeo.conf
ENTRYPOINT: Move /opt/nuxeo/server/bin/nuxeo.conf to /etc/nuxeo/nuxeo.conf
ENTRYPOINT: Append required properties to /etc/nuxeo/nuxeo.conf
nuxeo.data.dir=/var/lib/nuxeo
nuxeo.log.dir=/var/log/nuxeo
nuxeo.tmp.dir=/tmp
nuxeo.pid.dir=/var/pid/nuxeo
# Set java.io.tmpdir = ${nuxeo.tmp.dir}
launcher.override.java.tmpdir=true
ENTRYPOINT: Append properties from /etc/nuxeo/conf.d/00-docker.conf to /etc/nuxeo/nuxeo.conf
ENTRYPOINT: Append properties from /etc/nuxeo/conf.d/00-nuxeo.conf to /etc/nuxeo/nuxeo.conf
ENTRYPOINT: Append properties from /etc/nuxeo/conf.d/nuxeo-minio.conf to /etc/nuxeo/nuxeo.conf
ENTRYPOINT: Write NUXEO_CLID environment variable to /var/lib/nuxeo/instance.clid
ENTRYPOINT: Install Nuxeo packages: amazon-s3-online-storage
Nuxeo home:          /opt/nuxeo/server
Nuxeo configuration: /etc/nuxeo/nuxeo.conf
Include template: /opt/nuxeo/server/templates/common-base
Include template: /opt/nuxeo/server/templates/common
Include template: /opt/nuxeo/server/templates/default
Include template: /opt/nuxeo/server/templates/docker
Include template: /opt/nuxeo/server/templates/mongodb

Dependency resolution:
  Installation order (1):        amazon-s3-online-storage-2023.17.6
  Packages to download (1):      amazon-s3-online-storage:2023.17.6

Downloading [amazon-s3-online-storage-2023.17.6]...
|/-Added amazon-s3-online-storage-2023.17.6
Installing amazon-s3-online-storage-2023.17.6
ENTRYPOINT: Looking for shell scripts in /docker-entrypoint-initnuxeo.d
Nuxeo home:          /opt/nuxeo/server
Nuxeo configuration: /etc/nuxeo/nuxeo.conf
Include template: /opt/nuxeo/server/templates/common-base
Include template: /opt/nuxeo/server/templates/common
Include template: /opt/nuxeo/server/templates/default
Include template: /opt/nuxeo/server/templates/aws
Include template: /opt/nuxeo/server/templates/s3binaries
Include template: /opt/nuxeo/server/templates/docker
Include template: /opt/nuxeo/server/templates/mongodb
No current configuration, generating files...
FreeMarker variables: ignored 'java.version.date' conflicting with 'java.version'
Configuration files generated.
[AdminClient clientId=adminclient-1] The DescribeTopicPartitions API is not supported, using Metadata API to describe topics.
Server started with process ID: 345
Go to http://localhost:8080/nuxeo
2024-09-02 11:39:33 INFO [main] org.apache.catalina.startup.Catalina.load Server initialization in [560] milliseconds
# Running Nuxeo Preprocessor ...
Preprocessing: /opt/nuxeo/server/nxserver
Done.
# Preprocessing done.
2024-09-02T11:39:36,937 INFO  [FrameworkLoader] 
======================================================================
= Starting Nuxeo Framework
======================================================================
  * Distribution Version = 2023.17.6
  * Distribution Date = 202408200704
  * Server home = /opt/nuxeo/server
  * Runtime home = /opt/nuxeo/server/nxserver
  * Data Directory = /var/lib/nuxeo
  * Log Directory = /var/log/nuxeo
  * Configuration Directory = /opt/nuxeo/server/nxserver/config
  * Temp Directory = /tmp
======================================================================
2024-09-02T11:39:42,672 WARN  [CommandLineExecutorComponent] Command not available: ffmpeg-info (command ffprobe not found in system path (descriptor CommandLineDescriptor[available=false,command=ffprobe,enabled=true,installErrorMessage=<null>,installationDirective=You need to install ffmpeg from http://ffmpeg.org (apt-get install ffmpeg),name=ffmpeg-info,parameterString=#{inFilePath},readOutput=true,testParameterString=,tester=<null>,timeout=<null>,winCommand=<null>,winParameterString=<null>,winTestParameterString=]). You need to install ffmpeg from http://ffmpeg.org (apt-get install ffmpeg))
2024-09-02T11:39:42,679 WARN  [CommandLineExecutorComponent] Command not available: ffmpeg-screenshot (command ffmpeg not found in system path (descriptor CommandLineDescriptor[available=false,command=ffmpeg,enabled=true,installErrorMessage=<null>,installationDirective=You need to install ffmpeg from http://ffmpeg.org (apt-get install ffmpeg),name=ffmpeg-screenshot,parameterString=-y -ss #{position} -i #{inFilePath} -frames:v 1 -f image2 #{outFilePath},readOutput=true,testParameterString=,tester=<null>,timeout=<null>,winCommand=<null>,winParameterString=<null>,winTestParameterString=]). You need to install ffmpeg from http://ffmpeg.org (apt-get install ffmpeg))
2024-09-02T11:39:42,685 WARN  [CommandLineExecutorComponent] Command not available: ffmpeg-screenshot-resize (command ffmpeg not found in system path (descriptor CommandLineDescriptor[available=false,command=ffmpeg,enabled=true,installErrorMessage=<null>,installationDirective=You need to install ffmpeg from http://ffmpeg.org (apt-get install ffmpeg),name=ffmpeg-screenshot-resize,parameterString=-y -ss #{position} -i #{inFilePath} -frames:v 1 -f image2 -vf scale=#{width}:#{height} #{outFilePath},readOutput=true,testParameterString=,tester=<null>,timeout=<null>,winCommand=<null>,winParameterString=<null>,winTestParameterString=]). You need to install ffmpeg from http://ffmpeg.org (apt-get install ffmpeg))
2024-09-02T11:39:42,691 WARN  [CommandLineExecutorComponent] Command not available: ffmpeg-towebm (command ffmpeg not found in system path (descriptor CommandLineDescriptor[available=false,command=ffmpeg,enabled=true,installErrorMessage=<null>,installationDirective=You need to install ffmpeg from http://ffmpeg.org (apt-get install ffmpeg),name=ffmpeg-towebm,parameterString=-i #{inFilePath} -s #{width}x#{height} -acodec libvorbis -v 0 #{outFilePath},readOutput=true,testParameterString=,tester=<null>,timeout=<null>,winCommand=<null>,winParameterString=<null>,winTestParameterString=]). You need to install ffmpeg from http://ffmpeg.org (apt-get install ffmpeg))
2024-09-02T11:39:42,697 WARN  [CommandLineExecutorComponent] Command not available: ffmpeg-tomp4 (command ffmpeg not found in system path (descriptor CommandLineDescriptor[available=false,command=ffmpeg,enabled=true,installErrorMessage=<null>,installationDirective=You need to install ffmpeg from http://ffmpeg.org (apt-get install ffmpeg),name=ffmpeg-tomp4,parameterString=-i #{inFilePath} -s #{width}x#{height} -acodec aac -strict -2 -pix_fmt yuv420p -vcodec libx264 -v 0 #{outFilePath},readOutput=true,testParameterString=,tester=<null>,timeout=<null>,winCommand=<null>,winParameterString=-i #{inFilePath} -s #{width}x#{height} -pix_fmt yuv420p -vcodec libx264 -v 0 #{outFilePath},winTestParameterString=]). You need to install ffmpeg from http://ffmpeg.org (apt-get install ffmpeg))
2024-09-02T11:39:42,703 WARN  [CommandLineExecutorComponent] Command not available: ffmpeg-toogg (command ffmpeg not found in system path (descriptor CommandLineDescriptor[available=false,command=ffmpeg,enabled=true,installErrorMessage=<null>,installationDirective=You need to install ffmpeg from http://ffmpeg.org (apt-get install ffmpeg),name=ffmpeg-toogg,parameterString=-i #{inFilePath} -s #{width}x#{height} -acodec libvorbis -v 0 #{outFilePath},readOutput=true,testParameterString=,tester=<null>,timeout=<null>,winCommand=<null>,winParameterString=<null>,winTestParameterString=]). You need to install ffmpeg from http://ffmpeg.org (apt-get install ffmpeg))
2024-09-02T11:39:42,708 WARN  [CommandLineExecutorComponent] Command not available: ffmpeg-toavi (command ffmpeg not found in system path (descriptor CommandLineDescriptor[available=false,command=ffmpeg,enabled=true,installErrorMessage=<null>,installationDirective=You need to install ffmpeg.,name=ffmpeg-toavi,parameterString=-i #{inFilePath} -s #{width}x#{height} -q:v 0 -c:v mpeg4 -c:a ac3 #{outFilePath},readOutput=true,testParameterString=,tester=<null>,timeout=<null>,winCommand=<null>,winParameterString=<null>,winTestParameterString=]). You need to install ffmpeg.)
2024-09-02T11:39:42,724 WARN  [CommandLineExecutorComponent] Command not available: videoClosedCaptionsExtractor (command ccextractor not found in system path (descriptor CommandLineDescriptor[available=false,command=ccextractor,enabled=true,installErrorMessage=<null>,installationDirective=You need to install ccextractor.,name=videoClosedCaptionsExtractor,parameterString=#{sourceFilePath} -out=#{outFormat} -trim -o #{outFilePath},readOutput=true,testParameterString=,tester=<null>,timeout=<null>,winCommand=<null>,winParameterString=<null>,winTestParameterString=]). You need to install ccextractor.)
2024-09-02T11:39:42,730 WARN  [CommandLineExecutorComponent] Command not available: videoPartClosedCaptionsExtractor (command ccextractor not found in system path (descriptor CommandLineDescriptor[available=false,command=ccextractor,enabled=true,installErrorMessage=<null>,installationDirective=You need to install ccextractor.,name=videoPartClosedCaptionsExtractor,parameterString=#{sourceFilePath} -out=#{outFormat} -startat #{startAt} -endat #{endAt} -trim -o #{outFilePath},readOutput=true,testParameterString=,tester=<null>,timeout=<null>,winCommand=<null>,winParameterString=<null>,winTestParameterString=]). You need to install ccextractor.)
2024-09-02T11:39:42,736 WARN  [CommandLineExecutorComponent] Command not available: videoConcat (command ffmpeg not found in system path (descriptor CommandLineDescriptor[available=false,command=ffmpeg,enabled=true,installErrorMessage=<null>,installationDirective=You need to install ffmpeg.,name=videoConcat,parameterString=-y -f concat -safe 0 -i #{listFilePath} -c copy #{outFilePath},readOutput=true,testParameterString=,tester=<null>,timeout=<null>,winCommand=<null>,winParameterString=<null>,winTestParameterString=]). You need to install ffmpeg.)
2024-09-02T11:39:42,743 WARN  [CommandLineExecutorComponent] Command not available: videoSlicerByCopy (command ffmpeg not found in system path (descriptor CommandLineDescriptor[available=false,command=ffmpeg,enabled=true,installErrorMessage=<null>,installationDirective=You need to install ffmpeg.,name=videoSlicerByCopy,parameterString=-y -i #{sourceFilePath} -ss #{startAt} -t #{duration} -c copy #{outFilePath},readOutput=true,testParameterString=,tester=<null>,timeout=<null>,winCommand=<null>,winParameterString=<null>,winTestParameterString=]). You need to install ffmpeg.)
2024-09-02T11:39:42,748 WARN  [CommandLineExecutorComponent] Command not available: videoSlicer (command ffmpeg not found in system path (descriptor CommandLineDescriptor[available=false,command=ffmpeg,enabled=true,installErrorMessage=<null>,installationDirective=You need to install ffmpeg.,name=videoSlicer,parameterString=-y -i #{sourceFilePath} -ss #{startAt} -t #{duration} #{outFilePath},readOutput=true,testParameterString=,tester=<null>,timeout=<null>,winCommand=<null>,winParameterString=<null>,winTestParameterString=]). You need to install ffmpeg.)
2024-09-02T11:39:42,755 WARN  [CommandLineExecutorComponent] Command not available: videoSlicerStartAt (command ffmpeg not found in system path (descriptor CommandLineDescriptor[available=false,command=ffmpeg,enabled=true,installErrorMessage=<null>,installationDirective=You need to install ffmpeg.,name=videoSlicerStartAt,parameterString=-y -i #{sourceFilePath} -ss #{startAt} #{outFilePath},readOutput=true,testParameterString=,tester=<null>,timeout=<null>,winCommand=<null>,winParameterString=<null>,winTestParameterString=]). You need to install ffmpeg.)
2024-09-02T11:39:42,761 WARN  [CommandLineExecutorComponent] Command not available: videoSlicerSegments (command ffmpeg not found in system path (descriptor CommandLineDescriptor[available=false,command=ffmpeg,enabled=true,installErrorMessage=<null>,installationDirective=You need to install ffmpeg.,name=videoSlicerSegments,parameterString=-y -i #{sourceFilePath} -map 0 -c copy -f segment -segment_time #{duration} -reset_timestamps 1
        #{outFilePath},readOutput=true,testParameterString=,tester=<null>,timeout=<null>,winCommand=<null>,winParameterString=<null>,winTestParameterString=]). You need to install ffmpeg.)
2024-09-02T11:39:42,768 WARN  [CommandLineExecutorComponent] Command not available: videoWatermarkWithPicture (command ffmpeg not found in system path (descriptor CommandLineDescriptor[available=false,command=ffmpeg,enabled=true,installErrorMessage=<null>,installationDirective=You need to install ffmpeg.,name=videoWatermarkWithPicture,parameterString=-y -i #{sourceFilePath} -i #{pictureFilePath} -filter_complex #{filterComplex} #{outFilePath},readOutput=true,testParameterString=,tester=<null>,timeout=<null>,winCommand=<null>,winParameterString=<null>,winTestParameterString=]). You need to install ffmpeg.)
2024-09-02T11:39:43,443 WARN  [DirectoryRegistry] Directory: template-directory redefined with different factory
2024-09-02T11:39:44,318 WARN  [KafkaAdminClient] [AdminClient clientId=adminclient-1] The DescribeTopicPartitions API is not supported, using Metadata API to describe topics.
2024-09-02T11:39:44,330 WARN  [KafkaAdminClient] [AdminClient clientId=adminclient-1] The DescribeTopicPartitions API is not supported, using Metadata API to describe topics.
2024-09-02T11:39:44,440 WARN  [KafkaAdminClient] [AdminClient clientId=adminclient-1] The DescribeTopicPartitions API is not supported, using Metadata API to describe topics.
2024-09-02T11:39:44,445 WARN  [KafkaAdminClient] [AdminClient clientId=adminclient-1] The DescribeTopicPartitions API is not supported, using Metadata API to describe topics.
2024-09-02T11:39:44,466 WARN  [KafkaAdminClient] [AdminClient clientId=adminclient-3] The DescribeTopicPartitions API is not supported, using Metadata API to describe topics.
2024-09-02T11:39:44,472 WARN  [KafkaAdminClient] [AdminClient clientId=adminclient-3] The DescribeTopicPartitions API is not supported, using Metadata API to describe topics.
2024-09-02T11:39:44,477 WARN  [KafkaAdminClient] [AdminClient clientId=adminclient-3] The DescribeTopicPartitions API is not supported, using Metadata API to describe topics.
2024-09-02T11:39:44,480 WARN  [KafkaAdminClient] [AdminClient clientId=adminclient-3] The DescribeTopicPartitions API is not supported, using Metadata API to describe topics.
2024-09-02T11:39:44,484 WARN  [KafkaAdminClient] [AdminClient clientId=adminclient-3] The DescribeTopicPartitions API is not supported, using Metadata API to describe topics.
2024-09-02T11:39:44,488 WARN  [KafkaAdminClient] [AdminClient clientId=adminclient-3] The DescribeTopicPartitions API is not supported, using Metadata API to describe topics.
2024-09-02T11:39:44,495 WARN  [KafkaAdminClient] [AdminClient clientId=adminclient-6] The DescribeTopicPartitions API is not supported, using Metadata API to describe topics.
2024-09-02T11:39:44,521 WARN  [StreamServiceImpl] Stream Processing has been disabled on this node
2024-09-02T11:39:44,524 WARN  [KafkaAdminClient] [AdminClient clientId=adminclient-1] The DescribeTopicPartitions API is not supported, using Metadata API to describe topics.
2024-09-02T11:39:44,529 WARN  [KafkaAdminClient] [AdminClient clientId=adminclient-1] The DescribeTopicPartitions API is not supported, using Metadata API to describe topics.
2024-09-02T11:39:44,534 WARN  [KafkaAdminClient] [AdminClient clientId=adminclient-1] The DescribeTopicPartitions API is not supported, using Metadata API to describe topics.
2024-09-02T11:39:44,557 WARN  [KafkaAdminClient] [AdminClient clientId=adminclient-1] The DescribeTopicPartitions API is not supported, using Metadata API to describe topics.
2024-09-02T11:39:44,562 WARN  [KafkaAdminClient] [AdminClient clientId=adminclient-1] The DescribeTopicPartitions API is not supported, using Metadata API to describe topics.
2024-09-02T11:39:44,567 WARN  [KafkaAdminClient] [AdminClient clientId=adminclient-3] The DescribeTopicPartitions API is not supported, using Metadata API to describe topics.
2024-09-02T11:39:44,572 WARN  [KafkaAdminClient] [AdminClient clientId=adminclient-3] The DescribeTopicPartitions API is not supported, using Metadata API to describe topics.
2024-09-02T11:39:44,577 WARN  [KafkaAdminClient] [AdminClient clientId=adminclient-1] The DescribeTopicPartitions API is not supported, using Metadata API to describe topics.
2024-09-02T11:39:44,593 WARN  [KafkaAdminClient] [AdminClient clientId=adminclient-3] The DescribeTopicPartitions API is not supported, using Metadata API to describe topics.
2024-09-02T11:39:44,614 WARN  [KafkaAdminClient] [AdminClient clientId=adminclient-3] The DescribeTopicPartitions API is not supported, using Metadata API to describe topics.
2024-09-02T11:39:44,619 WARN  [KafkaAdminClient] [AdminClient clientId=adminclient-3] The DescribeTopicPartitions API is not supported, using Metadata API to describe topics.
2024-09-02T11:39:44,624 WARN  [KafkaAdminClient] [AdminClient clientId=adminclient-3] The DescribeTopicPartitions API is not supported, using Metadata API to describe topics.
2024-09-02T11:39:44,629 WARN  [KafkaAdminClient] [AdminClient clientId=adminclient-3] The DescribeTopicPartitions API is not supported, using Metadata API to describe topics.
2024-09-02T11:39:44,651 WARN  [KafkaAdminClient] [AdminClient clientId=adminclient-1] The DescribeTopicPartitions API is not supported, using Metadata API to describe topics.
2024-09-02T11:39:44,657 WARN  [KafkaAdminClient] [AdminClient clientId=adminclient-1] The DescribeTopicPartitions API is not supported, using Metadata API to describe topics.
2024-09-02T11:39:44,662 WARN  [KafkaAdminClient] [AdminClient clientId=adminclient-1] The DescribeTopicPartitions API is not supported, using Metadata API to describe topics.
2024-09-02T11:39:44,681 WARN  [KafkaAdminClient] [AdminClient clientId=adminclient-1] The DescribeTopicPartitions API is not supported, using Metadata API to describe topics.
2024-09-02T11:39:44,686 WARN  [KafkaAdminClient] [AdminClient clientId=adminclient-1] The DescribeTopicPartitions API is not supported, using Metadata API to describe topics.
2024-09-02T11:39:44,690 WARN  [KafkaAdminClient] [AdminClient clientId=adminclient-1] The DescribeTopicPartitions API is not supported, using Metadata API to describe topics.
2024-09-02T11:39:44,711 WARN  [KafkaAdminClient] [AdminClient clientId=adminclient-3] The DescribeTopicPartitions API is not supported, using Metadata API to describe topics.
2024-09-02T11:39:44,716 WARN  [KafkaAdminClient] [AdminClient clientId=adminclient-3] The DescribeTopicPartitions API is not supported, using Metadata API to describe topics.
2024-09-02T11:39:44,720 WARN  [KafkaAdminClient] [AdminClient clientId=adminclient-3] The DescribeTopicPartitions API is not supported, using Metadata API to describe topics.
2024-09-02T11:39:44,727 WARN  [KafkaAdminClient] [AdminClient clientId=adminclient-3] The DescribeTopicPartitions API is not supported, using Metadata API to describe topics.
2024-09-02T11:39:44,745 WARN  [KafkaAdminClient] [AdminClient clientId=adminclient-3] The DescribeTopicPartitions API is not supported, using Metadata API to describe topics.
2024-09-02T11:39:44,749 WARN  [KafkaAdminClient] [AdminClient clientId=adminclient-3] The DescribeTopicPartitions API is not supported, using Metadata API to describe topics.
2024-09-02T11:39:44,754 WARN  [KafkaAdminClient] [AdminClient clientId=adminclient-3] The DescribeTopicPartitions API is not supported, using Metadata API to describe topics.
2024-09-02T11:39:44,758 WARN  [KafkaAdminClient] [AdminClient clientId=adminclient-3] The DescribeTopicPartitions API is not supported, using Metadata API to describe topics.
2024-09-02T11:39:44,778 WARN  [KafkaAdminClient] [AdminClient clientId=adminclient-3] The DescribeTopicPartitions API is not supported, using Metadata API to describe topics.
2024-09-02T11:39:44,783 WARN  [KafkaAdminClient] [AdminClient clientId=adminclient-3] The DescribeTopicPartitions API is not supported, using Metadata API to describe topics.
2024-09-02T11:39:44,788 WARN  [KafkaAdminClient] [AdminClient clientId=adminclient-3] The DescribeTopicPartitions API is not supported, using Metadata API to describe topics.
2024-09-02T11:39:44,793 WARN  [KafkaAdminClient] [AdminClient clientId=adminclient-3] The DescribeTopicPartitions API is not supported, using Metadata API to describe topics.
2024-09-02T11:39:45,753 WARN  [KafkaAdminClient] [AdminClient clientId=adminclient-3] The DescribeTopicPartitions API is not supported, using Metadata API to describe topics.
2024-09-02T11:39:45,758 WARN  [KafkaAdminClient] [AdminClient clientId=adminclient-3] The DescribeTopicPartitions API is not supported, using Metadata API to describe topics.
2024-09-02T11:39:45,763 WARN  [KafkaAdminClient] [AdminClient clientId=adminclient-3] The DescribeTopicPartitions API is not supported, using Metadata API to describe topics.
2024-09-02T11:39:45,769 WARN  [KafkaAdminClient] [AdminClient clientId=adminclient-3] The DescribeTopicPartitions API is not supported, using Metadata API to describe topics.
2024-09-02T11:39:45,775 WARN  [KafkaAdminClient] [AdminClient clientId=adminclient-3] The DescribeTopicPartitions API is not supported, using Metadata API to describe topics.
2024-09-02T11:39:45,779 WARN  [KafkaAdminClient] [AdminClient clientId=adminclient-3] The DescribeTopicPartitions API is not supported, using Metadata API to describe topics.
2024-09-02T11:39:45,784 WARN  [KafkaAdminClient] [AdminClient clientId=adminclient-3] The DescribeTopicPartitions API is not supported, using Metadata API to describe topics.
2024-09-02T11:39:45,790 WARN  [KafkaAdminClient] [AdminClient clientId=adminclient-3] The DescribeTopicPartitions API is not supported, using Metadata API to describe topics.
2024-09-02T11:39:45,794 WARN  [KafkaAdminClient] [AdminClient clientId=adminclient-3] The DescribeTopicPartitions API is not supported, using Metadata API to describe topics.
2024-09-02T11:39:45,798 WARN  [KafkaAdminClient] [AdminClient clientId=adminclient-3] The DescribeTopicPartitions API is not supported, using Metadata API to describe topics.
2024-09-02T11:39:45,803 WARN  [KafkaAdminClient] [AdminClient clientId=adminclient-3] The DescribeTopicPartitions API is not supported, using Metadata API to describe topics.
2024-09-02T11:39:45,808 WARN  [KafkaAdminClient] [AdminClient clientId=adminclient-3] The DescribeTopicPartitions API is not supported, using Metadata API to describe topics.
2024-09-02T11:39:45,833 WARN  [KafkaAdminClient] [AdminClient clientId=adminclient-3] The DescribeTopicPartitions API is not supported, using Metadata API to describe topics.
2024-09-02T11:39:45,846 WARN  [KafkaAdminClient] [AdminClient clientId=adminclient-3] The DescribeTopicPartitions API is not supported, using Metadata API to describe topics.
2024-09-02T11:39:45,870 WARN  [KafkaAdminClient] [AdminClient clientId=adminclient-3] The DescribeTopicPartitions API is not supported, using Metadata API to describe topics.
2024-09-02T11:39:45,884 WARN  [KafkaAdminClient] [AdminClient clientId=adminclient-3] The DescribeTopicPartitions API is not supported, using Metadata API to describe topics.
2024-09-02T11:39:45,903 WARN  [KafkaAdminClient] [AdminClient clientId=adminclient-3] The DescribeTopicPartitions API is not supported, using Metadata API to describe topics.
2024-09-02T11:39:45,908 WARN  [KafkaAdminClient] [AdminClient clientId=adminclient-3] The DescribeTopicPartitions API is not supported, using Metadata API to describe topics.
2024-09-02T11:39:45,912 WARN  [KafkaAdminClient] [AdminClient clientId=adminclient-3] The DescribeTopicPartitions API is not supported, using Metadata API to describe topics.
2024-09-02T11:39:45,916 WARN  [KafkaAdminClient] [AdminClient clientId=adminclient-3] The DescribeTopicPartitions API is not supported, using Metadata API to describe topics.
2024-09-02T11:39:45,936 WARN  [KafkaAdminClient] [AdminClient clientId=adminclient-3] The DescribeTopicPartitions API is not supported, using Metadata API to describe topics.
2024-09-02T11:39:45,940 WARN  [KafkaAdminClient] [AdminClient clientId=adminclient-3] The DescribeTopicPartitions API is not supported, using Metadata API to describe topics.
2024-09-02T11:39:45,945 WARN  [KafkaAdminClient] [AdminClient clientId=adminclient-3] The DescribeTopicPartitions API is not supported, using Metadata API to describe topics.
2024-09-02T11:39:45,948 WARN  [KafkaAdminClient] [AdminClient clientId=adminclient-3] The DescribeTopicPartitions API is not supported, using Metadata API to describe topics.
2024-09-02T11:39:45,952 WARN  [KafkaAdminClient] [AdminClient clientId=adminclient-3] The DescribeTopicPartitions API is not supported, using Metadata API to describe topics.
2024-09-02T11:39:45,956 WARN  [KafkaAdminClient] [AdminClient clientId=adminclient-3] The DescribeTopicPartitions API is not supported, using Metadata API to describe topics.
2024-09-02T11:39:45,969 WARN  [KafkaAdminClient] [AdminClient clientId=adminclient-3] The DescribeTopicPartitions API is not supported, using Metadata API to describe topics.
2024-09-02T11:39:45,987 WARN  [KafkaAdminClient] [AdminClient clientId=adminclient-3] The DescribeTopicPartitions API is not supported, using Metadata API to describe topics.
2024-09-02T11:39:45,991 WARN  [KafkaAdminClient] [AdminClient clientId=adminclient-3] The DescribeTopicPartitions API is not supported, using Metadata API to describe topics.
2024-09-02T11:39:45,994 WARN  [KafkaAdminClient] [AdminClient clientId=adminclient-3] The DescribeTopicPartitions API is not supported, using Metadata API to describe topics.
2024-09-02T11:39:45,997 WARN  [KafkaAdminClient] [AdminClient clientId=adminclient-3] The DescribeTopicPartitions API is not supported, using Metadata API to describe topics.
2024-09-02T11:39:46,016 WARN  [KafkaAdminClient] [AdminClient clientId=adminclient-3] The DescribeTopicPartitions API is not supported, using Metadata API to describe topics.
2024-09-02T11:39:46,022 WARN  [KafkaAdminClient] [AdminClient clientId=adminclient-3] The DescribeTopicPartitions API is not supported, using Metadata API to describe topics.
2024-09-02T11:39:46,026 WARN  [KafkaAdminClient] [AdminClient clientId=adminclient-3] The DescribeTopicPartitions API is not supported, using Metadata API to describe topics.
2024-09-02T11:39:46,031 WARN  [KafkaAdminClient] [AdminClient clientId=adminclient-3] The DescribeTopicPartitions API is not supported, using Metadata API to describe topics.
2024-09-02T11:39:46,053 WARN  [KafkaAdminClient] [AdminClient clientId=adminclient-5] The DescribeTopicPartitions API is not supported, using Metadata API to describe topics.
2024-09-02T11:39:46,058 WARN  [KafkaAdminClient] [AdminClient clientId=adminclient-5] The DescribeTopicPartitions API is not supported, using Metadata API to describe topics.
2024-09-02T11:39:46,062 WARN  [KafkaAdminClient] [AdminClient clientId=adminclient-5] The DescribeTopicPartitions API is not supported, using Metadata API to describe topics.
2024-09-02T11:39:46,083 WARN  [KafkaAdminClient] [AdminClient clientId=adminclient-3] The DescribeTopicPartitions API is not supported, using Metadata API to describe topics.
2024-09-02T11:39:46,087 WARN  [KafkaAdminClient] [AdminClient clientId=adminclient-3] The DescribeTopicPartitions API is not supported, using Metadata API to describe topics.
2024-09-02T11:39:46,090 WARN  [KafkaAdminClient] [AdminClient clientId=adminclient-3] The DescribeTopicPartitions API is not supported, using Metadata API to describe topics.
2024-09-02T11:39:46,094 WARN  [KafkaAdminClient] [AdminClient clientId=adminclient-3] The DescribeTopicPartitions API is not supported, using Metadata API to describe topics.
2024-09-02T11:39:46,098 WARN  [KafkaAdminClient] [AdminClient clientId=adminclient-3] The DescribeTopicPartitions API is not supported, using Metadata API to describe topics.
2024-09-02T11:39:46,102 WARN  [KafkaAdminClient] [AdminClient clientId=adminclient-3] The DescribeTopicPartitions API is not supported, using Metadata API to describe topics.
2024-09-02T11:39:46,114 WARN  [KafkaAdminClient] [AdminClient clientId=adminclient-3] The DescribeTopicPartitions API is not supported, using Metadata API to describe topics.
2024-09-02T11:39:46,131 WARN  [KafkaAdminClient] [AdminClient clientId=adminclient-1] The DescribeTopicPartitions API is not supported, using Metadata API to describe topics.
2024-09-02T11:39:46,135 WARN  [KafkaAdminClient] [AdminClient clientId=adminclient-1] The DescribeTopicPartitions API is not supported, using Metadata API to describe topics.
2024-09-02T11:39:46,141 WARN  [KafkaAdminClient] [AdminClient clientId=adminclient-3] The DescribeTopicPartitions API is not supported, using Metadata API to describe topics.
2024-09-02T11:39:46,145 WARN  [KafkaAdminClient] [AdminClient clientId=adminclient-3] The DescribeTopicPartitions API is not supported, using Metadata API to describe topics.
2024-09-02T11:39:46,148 WARN  [KafkaAdminClient] [AdminClient clientId=adminclient-3] The DescribeTopicPartitions API is not supported, using Metadata API to describe topics.
2024-09-02T11:39:46,151 WARN  [KafkaAdminClient] [AdminClient clientId=adminclient-3] The DescribeTopicPartitions API is not supported, using Metadata API to describe topics.
2024-09-02T11:39:46,166 WARN  [KafkaAdminClient] [AdminClient clientId=adminclient-3] The DescribeTopicPartitions API is not supported, using Metadata API to describe topics.
2024-09-02T11:39:46,169 WARN  [KafkaAdminClient] [AdminClient clientId=adminclient-3] The DescribeTopicPartitions API is not supported, using Metadata API to describe topics.
2024-09-02T11:39:46,173 WARN  [KafkaAdminClient] [AdminClient clientId=adminclient-3] The DescribeTopicPartitions API is not supported, using Metadata API to describe topics.
2024-09-02T11:39:46,177 WARN  [KafkaAdminClient] [AdminClient clientId=adminclient-3] The DescribeTopicPartitions API is not supported, using Metadata API to describe topics.
2024-09-02T11:39:46,192 WARN  [KafkaAdminClient] [AdminClient clientId=adminclient-3] The DescribeTopicPartitions API is not supported, using Metadata API to describe topics.
2024-09-02T11:39:46,196 WARN  [KafkaAdminClient] [AdminClient clientId=adminclient-3] The DescribeTopicPartitions API is not supported, using Metadata API to describe topics.
2024-09-02T11:39:46,200 WARN  [KafkaAdminClient] [AdminClient clientId=adminclient-3] The DescribeTopicPartitions API is not supported, using Metadata API to describe topics.
2024-09-02T11:39:46,203 WARN  [KafkaAdminClient] [AdminClient clientId=adminclient-3] The DescribeTopicPartitions API is not supported, using Metadata API to describe topics.
2024-09-02T11:39:46,219 WARN  [KafkaAdminClient] [AdminClient clientId=adminclient-3] The DescribeTopicPartitions API is not supported, using Metadata API to describe topics.
2024-09-02T11:39:46,223 WARN  [KafkaAdminClient] [AdminClient clientId=adminclient-3] The DescribeTopicPartitions API is not supported, using Metadata API to describe topics.
2024-09-02T11:39:46,226 WARN  [KafkaAdminClient] [AdminClient clientId=adminclient-3] The DescribeTopicPartitions API is not supported, using Metadata API to describe topics.
2024-09-02T11:39:46,229 WARN  [KafkaAdminClient] [AdminClient clientId=adminclient-3] The DescribeTopicPartitions API is not supported, using Metadata API to describe topics.
2024-09-02T11:39:46,244 WARN  [KafkaAdminClient] [AdminClient clientId=adminclient-3] The DescribeTopicPartitions API is not supported, using Metadata API to describe topics.
2024-09-02T11:39:46,249 WARN  [KafkaAdminClient] [AdminClient clientId=adminclient-3] The DescribeTopicPartitions API is not supported, using Metadata API to describe topics.
2024-09-02T11:39:46,252 WARN  [KafkaAdminClient] [AdminClient clientId=adminclient-3] The DescribeTopicPartitions API is not supported, using Metadata API to describe topics.
2024-09-02T11:39:46,256 WARN  [KafkaAdminClient] [AdminClient clientId=adminclient-3] The DescribeTopicPartitions API is not supported, using Metadata API to describe topics.
2024-09-02T11:39:46,269 WARN  [KafkaAdminClient] [AdminClient clientId=adminclient-3] The DescribeTopicPartitions API is not supported, using Metadata API to describe topics.
2024-09-02T11:39:46,273 WARN  [KafkaAdminClient] [AdminClient clientId=adminclient-3] The DescribeTopicPartitions API is not supported, using Metadata API to describe topics.
2024-09-02T11:39:46,276 WARN  [KafkaAdminClient] [AdminClient clientId=adminclient-3] The DescribeTopicPartitions API is not supported, using Metadata API to describe topics.
2024-09-02T11:39:46,279 WARN  [KafkaAdminClient] [AdminClient clientId=adminclient-3] The DescribeTopicPartitions API is not supported, using Metadata API to describe topics.
2024-09-02T11:39:46,294 WARN  [KafkaAdminClient] [AdminClient clientId=adminclient-3] The DescribeTopicPartitions API is not supported, using Metadata API to describe topics.
2024-09-02T11:39:46,298 WARN  [KafkaAdminClient] [AdminClient clientId=adminclient-3] The DescribeTopicPartitions API is not supported, using Metadata API to describe topics.
2024-09-02T11:39:46,302 WARN  [KafkaAdminClient] [AdminClient clientId=adminclient-3] The DescribeTopicPartitions API is not supported, using Metadata API to describe topics.
2024-09-02T11:39:46,317 WARN  [KafkaUtils] Cannot create topic, it already exists: nuxeobulk-extractBinaryFulltext
2024-09-02T11:39:46,319 WARN  [KafkaAdminClient] [AdminClient clientId=adminclient-3] The DescribeTopicPartitions API is not supported, using Metadata API to describe topics.
2024-09-02T11:39:46,321 WARN  [KafkaUtils] Waiting for brokers to become aware that the topic nuxeobulk-extractBinaryFulltext has been created.
2024-09-02T11:39:51,323 WARN  [KafkaAdminClient] [AdminClient clientId=adminclient-3] The DescribeTopicPartitions API is not supported, using Metadata API to describe topics.
2024-09-02T11:39:51,326 WARN  [KafkaAdminClient] [AdminClient clientId=adminclient-3] The DescribeTopicPartitions API is not supported, using Metadata API to describe topics.
2024-09-02T11:39:51,330 WARN  [KafkaAdminClient] [AdminClient clientId=adminclient-3] The DescribeTopicPartitions API is not supported, using Metadata API to describe topics.
2024-09-02T11:39:51,352 WARN  [KafkaAdminClient] [AdminClient clientId=adminclient-3] The DescribeTopicPartitions API is not supported, using Metadata API to describe topics.
2024-09-02T11:39:51,355 WARN  [KafkaAdminClient] [AdminClient clientId=adminclient-3] The DescribeTopicPartitions API is not supported, using Metadata API to describe topics.
2024-09-02T11:39:51,359 WARN  [KafkaAdminClient] [AdminClient clientId=adminclient-3] The DescribeTopicPartitions API is not supported, using Metadata API to describe topics.
2024-09-02T11:39:51,362 WARN  [KafkaAdminClient] [AdminClient clientId=adminclient-3] The DescribeTopicPartitions API is not supported, using Metadata API to describe topics.
2024-09-02T11:39:51,365 WARN  [KafkaAdminClient] [AdminClient clientId=adminclient-3] The DescribeTopicPartitions API is not supported, using Metadata API to describe topics.
2024-09-02T11:39:51,368 WARN  [KafkaAdminClient] [AdminClient clientId=adminclient-3] The DescribeTopicPartitions API is not supported, using Metadata API to describe topics.
2024-09-02T11:39:51,372 WARN  [KafkaAdminClient] [AdminClient clientId=adminclient-3] The DescribeTopicPartitions API is not supported, using Metadata API to describe topics.
2024-09-02T11:39:51,383 WARN  [KafkaAdminClient] [AdminClient clientId=adminclient-3] The DescribeTopicPartitions API is not supported, using Metadata API to describe topics.
2024-09-02T11:39:51,398 WARN  [KafkaAdminClient] [AdminClient clientId=adminclient-3] The DescribeTopicPartitions API is not supported, using Metadata API to describe topics.
2024-09-02T11:39:51,402 WARN  [KafkaAdminClient] [AdminClient clientId=adminclient-3] The DescribeTopicPartitions API is not supported, using Metadata API to describe topics.
2024-09-02T11:39:51,406 WARN  [KafkaAdminClient] [AdminClient clientId=adminclient-3] The DescribeTopicPartitions API is not supported, using Metadata API to describe topics.
2024-09-02T11:39:51,410 WARN  [KafkaAdminClient] [AdminClient clientId=adminclient-3] The DescribeTopicPartitions API is not supported, using Metadata API to describe topics.
2024-09-02T11:39:51,425 WARN  [KafkaAdminClient] [AdminClient clientId=adminclient-3] The DescribeTopicPartitions API is not supported, using Metadata API to describe topics.
2024-09-02T11:39:51,431 WARN  [KafkaAdminClient] [AdminClient clientId=adminclient-3] The DescribeTopicPartitions API is not supported, using Metadata API to describe topics.
2024-09-02T11:39:51,434 WARN  [KafkaAdminClient] [AdminClient clientId=adminclient-3] The DescribeTopicPartitions API is not supported, using Metadata API to describe topics.
2024-09-02T11:39:51,439 WARN  [KafkaAdminClient] [AdminClient clientId=adminclient-3] The DescribeTopicPartitions API is not supported, using Metadata API to describe topics.
2024-09-02T11:39:51,455 WARN  [KafkaAdminClient] [AdminClient clientId=adminclient-4] The DescribeTopicPartitions API is not supported, using Metadata API to describe topics.
2024-09-02T11:39:51,458 WARN  [KafkaAdminClient] [AdminClient clientId=adminclient-4] The DescribeTopicPartitions API is not supported, using Metadata API to describe topics.
2024-09-02T11:39:51,481 WARN  [KafkaAdminClient] [AdminClient clientId=adminclient-4] The DescribeTopicPartitions API is not supported, using Metadata API to describe topics.
2024-09-02T11:39:51,485 WARN  [KafkaAdminClient] [AdminClient clientId=adminclient-4] The DescribeTopicPartitions API is not supported, using Metadata API to describe topics.
2024-09-02T11:39:51,488 WARN  [KafkaAdminClient] [AdminClient clientId=adminclient-4] The DescribeTopicPartitions API is not supported, using Metadata API to describe topics.
2024-09-02T11:39:51,492 WARN  [KafkaAdminClient] [AdminClient clientId=adminclient-4] The DescribeTopicPartitions API is not supported, using Metadata API to describe topics.
2024-09-02T11:39:51,495 WARN  [KafkaAdminClient] [AdminClient clientId=adminclient-4] The DescribeTopicPartitions API is not supported, using Metadata API to describe topics.
2024-09-02T11:39:51,498 WARN  [KafkaAdminClient] [AdminClient clientId=adminclient-4] The DescribeTopicPartitions API is not supported, using Metadata API to describe topics.
2024-09-02T11:39:51,501 WARN  [KafkaAdminClient] [AdminClient clientId=adminclient-4] The DescribeTopicPartitions API is not supported, using Metadata API to describe topics.
2024-09-02T11:39:51,504 WARN  [KafkaAdminClient] [AdminClient clientId=adminclient-4] The DescribeTopicPartitions API is not supported, using Metadata API to describe topics.
2024-09-02T11:39:51,507 WARN  [KafkaAdminClient] [AdminClient clientId=adminclient-4] The DescribeTopicPartitions API is not supported, using Metadata API to describe topics.
2024-09-02T11:39:51,512 WARN  [KafkaAdminClient] [AdminClient clientId=adminclient-4] The DescribeTopicPartitions API is not supported, using Metadata API to describe topics.
2024-09-02T11:39:51,515 WARN  [KafkaAdminClient] [AdminClient clientId=adminclient-4] The DescribeTopicPartitions API is not supported, using Metadata API to describe topics.
2024-09-02T11:39:51,518 WARN  [KafkaAdminClient] [AdminClient clientId=adminclient-4] The DescribeTopicPartitions API is not supported, using Metadata API to describe topics.
2024-09-02T11:39:51,522 WARN  [KafkaAdminClient] [AdminClient clientId=adminclient-4] The DescribeTopicPartitions API is not supported, using Metadata API to describe topics.
2024-09-02T11:39:51,525 WARN  [KafkaAdminClient] [AdminClient clientId=adminclient-4] The DescribeTopicPartitions API is not supported, using Metadata API to describe topics.
2024-09-02T11:39:51,528 WARN  [KafkaAdminClient] [AdminClient clientId=adminclient-4] The DescribeTopicPartitions API is not supported, using Metadata API to describe topics.
2024-09-02T11:39:51,531 WARN  [KafkaAdminClient] [AdminClient clientId=adminclient-4] The DescribeTopicPartitions API is not supported, using Metadata API to describe topics.
2024-09-02T11:39:51,535 WARN  [KafkaAdminClient] [AdminClient clientId=adminclient-4] The DescribeTopicPartitions API is not supported, using Metadata API to describe topics.
2024-09-02T11:39:51,539 WARN  [KafkaAdminClient] [AdminClient clientId=adminclient-4] The DescribeTopicPartitions API is not supported, using Metadata API to describe topics.
2024-09-02T11:39:51,542 WARN  [KafkaAdminClient] [AdminClient clientId=adminclient-4] The DescribeTopicPartitions API is not supported, using Metadata API to describe topics.
2024-09-02T11:39:51,545 WARN  [KafkaAdminClient] [AdminClient clientId=adminclient-4] The DescribeTopicPartitions API is not supported, using Metadata API to describe topics.
2024-09-02T11:39:51,548 WARN  [KafkaAdminClient] [AdminClient clientId=adminclient-4] The DescribeTopicPartitions API is not supported, using Metadata API to describe topics.
2024-09-02T11:39:51,550 WARN  [KafkaAdminClient] [AdminClient clientId=adminclient-4] The DescribeTopicPartitions API is not supported, using Metadata API to describe topics.
2024-09-02T11:39:51,553 WARN  [KafkaAdminClient] [AdminClient clientId=adminclient-4] The DescribeTopicPartitions API is not supported, using Metadata API to describe topics.
2024-09-02T11:39:51,556 WARN  [KafkaAdminClient] [AdminClient clientId=adminclient-4] The DescribeTopicPartitions API is not supported, using Metadata API to describe topics.
2024-09-02T11:39:51,559 WARN  [KafkaAdminClient] [AdminClient clientId=adminclient-4] The DescribeTopicPartitions API is not supported, using Metadata API to describe topics.
2024-09-02T11:39:51,562 WARN  [KafkaAdminClient] [AdminClient clientId=adminclient-4] The DescribeTopicPartitions API is not supported, using Metadata API to describe topics.
2024-09-02T11:39:51,564 WARN  [KafkaAdminClient] [AdminClient clientId=adminclient-4] The DescribeTopicPartitions API is not supported, using Metadata API to describe topics.
2024-09-02T11:39:51,567 WARN  [KafkaAdminClient] [AdminClient clientId=adminclient-4] The DescribeTopicPartitions API is not supported, using Metadata API to describe topics.
2024-09-02T11:39:51,570 WARN  [KafkaAdminClient] [AdminClient clientId=adminclient-4] The DescribeTopicPartitions API is not supported, using Metadata API to describe topics.
2024-09-02T11:39:51,573 WARN  [KafkaAdminClient] [AdminClient clientId=adminclient-4] The DescribeTopicPartitions API is not supported, using Metadata API to describe topics.
2024-09-02T11:39:51,575 WARN  [KafkaAdminClient] [AdminClient clientId=adminclient-4] The DescribeTopicPartitions API is not supported, using Metadata API to describe topics.
2024-09-02T11:39:51,587 WARN  [KafkaAdminClient] [AdminClient clientId=adminclient-4] The DescribeTopicPartitions API is not supported, using Metadata API to describe topics.
2024-09-02T11:39:51,598 WARN  [KafkaAdminClient] [AdminClient clientId=adminclient-4] The DescribeTopicPartitions API is not supported, using Metadata API to describe topics.
2024-09-02T11:39:51,609 WARN  [KafkaAdminClient] [AdminClient clientId=adminclient-4] The DescribeTopicPartitions API is not supported, using Metadata API to describe topics.
2024-09-02T11:39:51,619 WARN  [KafkaAdminClient] [AdminClient clientId=adminclient-4] The DescribeTopicPartitions API is not supported, using Metadata API to describe topics.
2024-09-02T11:39:51,629 WARN  [KafkaAdminClient] [AdminClient clientId=adminclient-4] The DescribeTopicPartitions API is not supported, using Metadata API to describe topics.
2024-09-02T11:39:51,640 WARN  [KafkaAdminClient] [AdminClient clientId=adminclient-4] The DescribeTopicPartitions API is not supported, using Metadata API to describe topics.
2024-09-02T11:39:51,651 WARN  [KafkaAdminClient] [AdminClient clientId=adminclient-4] The DescribeTopicPartitions API is not supported, using Metadata API to describe topics.
2024-09-02T11:39:51,662 WARN  [KafkaAdminClient] [AdminClient clientId=adminclient-4] The DescribeTopicPartitions API is not supported, using Metadata API to describe topics.
2024-09-02T11:39:51,678 WARN  [KafkaAdminClient] [AdminClient clientId=adminclient-4] The DescribeTopicPartitions API is not supported, using Metadata API to describe topics.
2024-09-02T11:39:51,688 WARN  [KafkaAdminClient] [AdminClient clientId=adminclient-4] The DescribeTopicPartitions API is not supported, using Metadata API to describe topics.
2024-09-02T11:39:51,698 WARN  [KafkaAdminClient] [AdminClient clientId=adminclient-4] The DescribeTopicPartitions API is not supported, using Metadata API to describe topics.
2024-09-02T11:39:51,708 WARN  [KafkaAdminClient] [AdminClient clientId=adminclient-4] The DescribeTopicPartitions API is not supported, using Metadata API to describe topics.
2024-09-02T11:39:51,718 WARN  [KafkaAdminClient] [AdminClient clientId=adminclient-4] The DescribeTopicPartitions API is not supported, using Metadata API to describe topics.
2024-09-02T11:39:51,729 WARN  [KafkaAdminClient] [AdminClient clientId=adminclient-4] The DescribeTopicPartitions API is not supported, using Metadata API to describe topics.
2024-09-02T11:39:51,741 WARN  [KafkaAdminClient] [AdminClient clientId=adminclient-4] The DescribeTopicPartitions API is not supported, using Metadata API to describe topics.
2024-09-02T11:39:51,745 WARN  [KafkaAdminClient] [AdminClient clientId=adminclient-1] The DescribeTopicPartitions API is not supported, using Metadata API to describe topics.
2024-09-02T11:39:51,748 WARN  [KafkaAdminClient] [AdminClient clientId=adminclient-1] The DescribeTopicPartitions API is not supported, using Metadata API to describe topics.
2024-09-02T11:39:51,755 WARN  [KafkaAdminClient] [AdminClient clientId=adminclient-6] The DescribeTopicPartitions API is not supported, using Metadata API to describe topics.
2024-09-02T11:39:51,769 WARN  [KafkaAdminClient] [AdminClient clientId=adminclient-6] The DescribeTopicPartitions API is not supported, using Metadata API to describe topics.
2024-09-02T11:39:51,772 WARN  [KafkaAdminClient] [AdminClient clientId=adminclient-6] The DescribeTopicPartitions API is not supported, using Metadata API to describe topics.
2024-09-02T11:39:58,625 WARN  [JmxReporter] Creating Jmx reporter
2024-09-02T11:39:58,643 WARN  [StreamMetricsNuxeoReporter] Reporting Stream Metrics to: internal/metrics
2024-09-02T11:39:58,719 WARN  [StreamWorkManager] WorkManager processing has been disabled on this node
2024-09-02T11:40:00,068 INFO  [OSGiRuntimeService] Nuxeo Platform Started
======================================================================
= Component Loading Status: Pending: 0 / Missing: 0 / Unstarted: 0 / Total: 565
======================================================================
2024-09-02 11:40:02 INFO [main] org.apache.catalina.startup.Catalina.start Server startup in [28702] milliseconds
2024-09-02T11:40:02,551 WARN  [HealthCheckResult] HealthCheck is not healthy, see probes: [ProbeInfo{name=s3BinaryManagerStatus, status=No S3BinaryManager bucket configured, runCount=2, runDate=Mon Sep 02 11:40:02 UTC 2024, runDuration=9ms}, ProbeInfo{name=runtimeStatus, status=Runtime started, runCount=1, runDate=Mon Sep 02 11:40:02 UTC 2024, runDuration=0ms}, ProbeInfo{name=ldapDirectories, status=No configured LDAP directory, runCount=1, runDate=Mon Sep 02 11:40:02 UTC 2024, runDuration=0ms}, ProbeInfo{name=elasticSearchStatus, status=GREEN, runCount=1, runDate=Mon Sep 02 11:40:02 UTC 2024, runDuration=8ms}, ProbeInfo{name=repositoryStatus, status=Repository started, runCount=1, runDate=Mon Sep 02 11:40:02 UTC 2024, runDuration=2ms}, ProbeInfo{name=streamStatus, status=No failure, runCount=1, runDate=Mon Sep 02 11:40:02 UTC 2024, runDuration=1ms}]
